Release 14.4 - xst P.49d (nt64)
Copyright (c) 1995-2012 Xilinx, Inc.  All rights reserved.
--> Parameter TMPDIR set to xst/projnav.tmp


Total REAL time to Xst completion: 1.00 secs
Total CPU time to Xst completion: 0.09 secs
 
--> Parameter xsthdpdir set to xst


Total REAL time to Xst completion: 1.00 secs
Total CPU time to Xst completion: 0.09 secs
 
--> Reading design: alu.prj

TABLE OF CONTENTS
  1) Synthesis Options Summary
  2) HDL Parsing
  3) HDL Elaboration
  4) HDL Synthesis
       4.1) HDL Synthesis Report
  5) Advanced HDL Synthesis
       5.1) Advanced HDL Synthesis Report
  6) Low Level Synthesis
  7) Partition Report
  8) Design Summary
       8.1) Primitive and Black Box Usage
       8.2) Device utilization summary
       8.3) Partition Resource Summary
       8.4) Timing Report
            8.4.1) Clock Information
            8.4.2) Asynchronous Control Signals Information
            8.4.3) Timing Summary
            8.4.4) Timing Details
            8.4.5) Cross Clock Domains Report


=========================================================================
*                      Synthesis Options Summary                        *
=========================================================================
---- Source Parameters
Input File Name                    : "alu.prj"
Ignore Synthesis Constraint File   : NO

---- Target Parameters
Output File Name                   : "alu"
Output Format                      : NGC
Target Device                      : xc6slx100-3-fgg676

---- Source Options
Top Module Name                    : alu
Automatic FSM Extraction           : YES
FSM Encoding Algorithm             : Auto
Safe Implementation                : No
FSM Style                          : LUT
RAM Extraction                     : Yes
RAM Style                          : Auto
ROM Extraction                     : Yes
Shift Register Extraction          : YES
ROM Style                          : Auto
Resource Sharing                   : YES
Asynchronous To Synchronous        : NO
Shift Register Minimum Size        : 2
Use DSP Block                      : Auto
Automatic Register Balancing       : No

---- Target Options
LUT Combining                      : Auto
Reduce Control Sets                : Auto
Add IO Buffers                     : YES
Global Maximum Fanout              : 100000
Add Generic Clock Buffer(BUFG)     : 16
Register Duplication               : YES
Optimize Instantiated Primitives   : NO
Use Clock Enable                   : Auto
Use Synchronous Set                : Auto
Use Synchronous Reset              : Auto
Pack IO Registers into IOBs        : Auto
Equivalent register Removal        : YES

---- General Options
Optimization Goal                  : Speed
Optimization Effort                : 1
Power Reduction                    : NO
Keep Hierarchy                     : No
Netlist Hierarchy                  : As_Optimized
RTL Output                         : Yes
Global Optimization                : AllClockNets
Read Cores                         : YES
Write Timing Constraints           : NO
Cross Clock Analysis               : NO
Hierarchy Separator                : /
Bus Delimiter                      : <>
Case Specifier                     : Maintain
Slice Utilization Ratio            : 100
BRAM Utilization Ratio             : 100
DSP48 Utilization Ratio            : 100
Auto BRAM Packing                  : NO
Slice Utilization Ratio Delta      : 5

---- Other Options
Cores Search Directories           : {"ipcore_dir"  }

=========================================================================


=========================================================================
*                          HDL Parsing                                  *
=========================================================================
Parsing VHDL file "E:\classes\grade_3_vacation\csproject2014\computer_experiment\alu.vhd" into library work
Parsing entity <alu>.
Parsing architecture <Behavioral> of entity <alu>.

=========================================================================
*                            HDL Elaboration                            *
=========================================================================

Elaborating entity <alu> (architecture <Behavioral>) from library <work>.

=========================================================================
*                           HDL Synthesis                               *
=========================================================================

Synthesizing Unit <alu>.
    Related source file is "E:\classes\grade_3_vacation\csproject2014\computer_experiment\alu.vhd".
    Found 32-bit register for signal <R>.
    Found 32-bit adder for signal <A[31]_B[31]_add_0_OUT> created at line 52.
    Found 32-bit subtractor for signal <GND_6_o_GND_6_o_sub_2_OUT<31:0>> created at line 54.
    Found 32-bit shifter logical left for signal <A[31]_B[31]_shift_left_8_OUT> created at line 68
    Found 32-bit shifter logical right for signal <A[31]_B[31]_shift_right_9_OUT> created at line 70
    Found 32-bit shifter arithmetic right for signal <A[31]_B[31]_shift_right_10_OUT> created at line 72
    Summary:
	inferred   1 Adder/Subtractor(s).
	inferred  32 D-type flip-flop(s).
	inferred  16 Multiplexer(s).
	inferred   3 Combinational logic shifter(s).
Unit <alu> synthesized.

=========================================================================
HDL Synthesis Report

Macro Statistics
# Adders/Subtractors                                   : 1
 32-bit addsub                                         : 1
# Registers                                            : 1
 32-bit register                                       : 1
# Multiplexers                                         : 16
 32-bit 2-to-1 multiplexer                             : 16
# Logic shifters                                       : 3
 32-bit shifter arithmetic right                       : 1
 32-bit shifter logical left                           : 1
 32-bit shifter logical right                          : 1
# Xors                                                 : 1
 32-bit xor2                                           : 1

=========================================================================
INFO:Xst:1767 - HDL ADVISOR - Resource sharing has identified that some arithmetic operations in this design can share the same physical resources for reduced device utilization. For improved clock frequency you may try to disable resource sharing.

=========================================================================
*                       Advanced HDL Synthesis                          *
=========================================================================


=========================================================================
Advanced HDL Synthesis Report

Macro Statistics
# Adders/Subtractors                                   : 1
 32-bit addsub                                         : 1
# Registers                                            : 32
 Flip-Flops                                            : 32
# Multiplexers                                         : 16
 32-bit 2-to-1 multiplexer                             : 16
# Logic shifters                                       : 3
 32-bit shifter arithmetic right                       : 1
 32-bit shifter logical left                           : 1
 32-bit shifter logical right                          : 1
# Xors                                                 : 1
 32-bit xor2                                           : 1

=========================================================================

=========================================================================
*                         Low Level Synthesis                           *
=========================================================================

Optimizing unit <alu> ...

Mapping all equations...
Building and optimizing final netlist ...
Found area constraint ratio of 100 (+ 5) on block alu, actual ratio is 1.

Final Macro Processing ...

=========================================================================
Final Register Report

Macro Statistics
# Registers                                            : 32
 Flip-Flops                                            : 32

=========================================================================

=========================================================================
*                           Partition Report                            *
=========================================================================

Partition Implementation Status
-------------------------------

  No Partitions were found in this design.

-------------------------------

=========================================================================
*                            Design Summary                             *
=========================================================================

Top Level Output File Name         : alu.ngc

Primitive and Black Box Usage:
------------------------------
# BELS                             : 585
#      LUT1                        : 31
#      LUT2                        : 6
#      LUT3                        : 41
#      LUT4                        : 106
#      LUT5                        : 105
#      LUT6                        : 134
#      MUXCY                       : 31
#      MUXF7                       : 68
#      MUXF8                       : 31
#      XORCY                       : 32
# FlipFlops/Latches                : 32
#      FDE                         : 32
# Clock Buffers                    : 1
#      BUFGP                       : 1
# IO Buffers                       : 100
#      IBUF                        : 68
#      OBUF                        : 32

Device utilization summary:
---------------------------

Selected Device : 6slx100fgg676-3 


Slice Logic Utilization: 
 Number of Slice LUTs:                  423  out of  63288     0%  
    Number used as Logic:               423  out of  63288     0%  

Slice Logic Distribution: 
 Number of LUT Flip Flop pairs used:    423
   Number with an unused Flip Flop:     423  out of    423   100%  
   Number with an unused LUT:             0  out of    423     0%  
   Number of fully used LUT-FF pairs:     0  out of    423     0%  
   Number of unique control sets:         1

IO Utilization: 
 Number of IOs:                         101
 Number of bonded IOBs:                 101  out of    480    21%  
    IOB Flip Flops/Latches:              32

Specific Feature Utilization:
 Number of BUFG/BUFGCTRLs:                1  out of     16     6%  

---------------------------
Partition Resource Summary:
---------------------------

  No Partitions were found in this design.

---------------------------


=========================================================================
Timing Report

NOTE: THESE TIMING NUMBERS ARE ONLY A SYNTHESIS ESTIMATE.
      FOR ACCURATE TIMING INFORMATION PLEASE REFER TO THE TRACE REPORT
      GENERATED AFTER PLACE-and-ROUTE.

Clock Information:
------------------
-----------------------------------+------------------------+-------+
Clock Signal                       | Clock buffer(FF name)  | Load  |
-----------------------------------+------------------------+-------+
CLK                                | BUFGP                  | 32    |
-----------------------------------+------------------------+-------+

Asynchronous Control Signals Information:
----------------------------------------
No asynchronous control signals found in this design

Timing Summary:
---------------
Speed Grade: -3

   Minimum period: No path found
   Minimum input arrival time before clock: 7.966ns
   Maximum output required time after clock: 3.597ns
   Maximum combinational path delay: No path found

Timing Details:
---------------
All values displayed in nanoseconds (ns)

=========================================================================
Timing constraint: Default OFFSET IN BEFORE for Clock 'CLK'
  Total number of paths / destination ports: 9023 / 64
-------------------------------------------------------------------------
Offset:              7.966ns (Levels of Logic = 8)
  Source:            B<1> (PAD)
  Destination:       R_13 (FF)
  Destination Clock: CLK rising

  Data Path: B<1> to R_13
                                Gate     Net
    Cell:in->out      fanout   Delay   Delay  Logical Name (Net Name)
    ----------------------------------------  ------------
     IBUF:I->O            87   1.222   2.136  B_1_IBUF (B_1_IBUF)
     LUT6:I1->O            9   0.203   0.934  Sh2171 (Sh217)
     LUT3:I1->O            5   0.203   0.715  Sh23711 (Sh2371)
     LUT5:I4->O            2   0.205   0.864  Sh2371 (Sh237)
     LUT5:I1->O            1   0.203   0.684  Sh2691 (Sh269)
     LUT5:I3->O            1   0.203   0.000  Mmux_opt[3]_R[31]_wide_mux_11_OUT_48 (Mmux_opt[3]_R[31]_wide_mux_11_OUT_44)
     MUXF7:I1->O           1   0.140   0.000  Mmux_opt[3]_R[31]_wide_mux_11_OUT_3_f7_3 (Mmux_opt[3]_R[31]_wide_mux_11_OUT_3_f74)
     MUXF8:I1->O           1   0.152   0.000  Mmux_opt[3]_R[31]_wide_mux_11_OUT_2_f8_3 (opt[3]_R[31]_wide_mux_11_OUT<13>)
     FDE:D                     0.102          R_13
    ----------------------------------------
    Total                      7.966ns (2.633ns logic, 5.333ns route)
                                       (33.1% logic, 66.9% route)

=========================================================================
Timing constraint: Default OFFSET OUT AFTER for Clock 'CLK'
  Total number of paths / destination ports: 32 / 32
-------------------------------------------------------------------------
Offset:              3.597ns (Levels of Logic = 1)
  Source:            R_31 (FF)
  Destination:       R<31> (PAD)
  Source Clock:      CLK rising

  Data Path: R_31 to R<31>
                                Gate     Net
    Cell:in->out      fanout   Delay   Delay  Logical Name (Net Name)
    ----------------------------------------  ------------
     FDE:C->Q              1   0.447   0.579  R_31 (R_31)
     OBUF:I->O                 2.571          R_31_OBUF (R<31>)
    ----------------------------------------
    Total                      3.597ns (3.018ns logic, 0.579ns route)
                                       (83.9% logic, 16.1% route)

=========================================================================

Cross Clock Domains Report:
--------------------------

=========================================================================


Total REAL time to Xst completion: 8.00 secs
Total CPU time to Xst completion: 7.68 secs
 
--> 

Total memory usage is 258588 kilobytes

Number of errors   :    0 (   0 filtered)
Number of warnings :    0 (   0 filtered)
Number of infos    :    1 (   0 filtered)

