Release 14.7 - xst P.20131013 (nt64)
Copyright (c) 1995-2013 Xilinx, Inc.  All rights reserved.
--> Parameter TMPDIR set to xst/projnav.tmp


Total REAL time to Xst completion: 1.00 secs
Total CPU time to Xst completion: 0.09 secs
 
--> Parameter xsthdpdir set to xst


Total REAL time to Xst completion: 1.00 secs
Total CPU time to Xst completion: 0.09 secs
 
--> Reading design: PS2KB_to_VGA.prj

TABLE OF CONTENTS
  1) Synthesis Options Summary
  2) HDL Parsing
  3) HDL Elaboration
  4) HDL Synthesis
       4.1) HDL Synthesis Report
  5) Advanced HDL Synthesis
       5.1) Advanced HDL Synthesis Report
  6) Low Level Synthesis
  7) Partition Report
  8) Design Summary
       8.1) Primitive and Black Box Usage
       8.2) Device utilization summary
       8.3) Partition Resource Summary
       8.4) Timing Report
            8.4.1) Clock Information
            8.4.2) Asynchronous Control Signals Information
            8.4.3) Timing Summary
            8.4.4) Timing Details
            8.4.5) Cross Clock Domains Report


=========================================================================
*                      Synthesis Options Summary                        *
=========================================================================
---- Source Parameters
Input File Name                    : "PS2KB_to_VGA.prj"
Ignore Synthesis Constraint File   : NO

---- Target Parameters
Output File Name                   : "PS2KB_to_VGA"
Output Format                      : NGC
Target Device                      : xc6slx100-3-fgg676

---- Source Options
Top Module Name                    : PS2KB_to_VGA
Automatic FSM Extraction           : YES
FSM Encoding Algorithm             : Auto
Safe Implementation                : No
FSM Style                          : LUT
RAM Extraction                     : Yes
RAM Style                          : Auto
ROM Extraction                     : Yes
Shift Register Extraction          : YES
ROM Style                          : Auto
Resource Sharing                   : YES
Asynchronous To Synchronous        : NO
Shift Register Minimum Size        : 2
Use DSP Block                      : Auto
Automatic Register Balancing       : No

---- Target Options
LUT Combining                      : Auto
Reduce Control Sets                : Auto
Add IO Buffers                     : YES
Global Maximum Fanout              : 100000
Add Generic Clock Buffer(BUFG)     : 16
Register Duplication               : YES
Optimize Instantiated Primitives   : NO
Use Clock Enable                   : Auto
Use Synchronous Set                : Auto
Use Synchronous Reset              : Auto
Pack IO Registers into IOBs        : Auto
Equivalent register Removal        : YES

---- General Options
Optimization Goal                  : Speed
Optimization Effort                : 1
Power Reduction                    : NO
Keep Hierarchy                     : No
Netlist Hierarchy                  : As_Optimized
RTL Output                         : Yes
Global Optimization                : AllClockNets
Read Cores                         : YES
Write Timing Constraints           : NO
Cross Clock Analysis               : NO
Hierarchy Separator                : /
Bus Delimiter                      : <>
Case Specifier                     : Maintain
Slice Utilization Ratio            : 100
BRAM Utilization Ratio             : 100
DSP48 Utilization Ratio            : 100
Auto BRAM Packing                  : NO
Slice Utilization Ratio Delta      : 5

---- Other Options
Cores Search Directories           : {"VGA"  }

=========================================================================


=========================================================================
*                          HDL Parsing                                  *
=========================================================================
Parsing VHDL file "D:\PS2KB_to_VGA\VGA\VGA_ROM_Font.vhd" into library work
Parsing entity <VGA_ROM_Font>.
Parsing architecture <VGA_ROM_Font_a> of entity <vga_rom_font>.
Parsing VHDL file "D:\PS2KB_to_VGA\VGA\VGA_RAM_Text.vhd" into library work
Parsing entity <VGA_RAM_Text>.
Parsing architecture <VGA_RAM_Text_a> of entity <vga_ram_text>.
Parsing VHDL file "D:\PS2KB_to_VGA\VGA\VGA_Render.vhd" into library work
Parsing entity <VGA_Render>.
Parsing architecture <Behavioral> of entity <vga_render>.
Parsing VHDL file "D:\PS2KB_to_VGA\VGA\VGA_Divider.vhd" into library work
Parsing entity <VGA_Divider>.
Parsing architecture <Behavioral> of entity <vga_divider>.
Parsing VHDL file "D:\PS2KB_to_VGA\VGA\VGA_Decoder.vhd" into library work
Parsing entity <VGA_Decoder>.
Parsing architecture <Behavioral> of entity <vga_decoder>.
WARNING:HDLCompiler:946 - "D:\PS2KB_to_VGA\VGA\VGA_Decoder.vhd" Line 55: Actual for formal port addra is neither a static name nor a globally static expression
Parsing VHDL file "D:\PS2KB_to_VGA\VGA\VGA_Controller.vhd" into library work
Parsing entity <VGA_Controller>.
Parsing architecture <Behavioral> of entity <vga_controller>.
Parsing VHDL file "D:\PS2KB_to_VGA\PS2KB\PS2KB_Listener.vhd" into library work
Parsing entity <PS2KB_Listener>.
INFO:HDLCompiler:1676 - "D:\PS2KB_to_VGA\PS2KB\PS2KB_Listener.vhd" Line 37. declaration of a buffer port will make it difficult for you to validate this design by simulation. It is preferable to declare it as output
INFO:HDLCompiler:1676 - "D:\PS2KB_to_VGA\PS2KB\PS2KB_Listener.vhd" Line 38. declaration of a buffer port will make it difficult for you to validate this design by simulation. It is preferable to declare it as output
Parsing architecture <Behavioral> of entity <ps2kb_listener>.
Parsing VHDL file "D:\PS2KB_to_VGA\PS2KB\PS2KB_Divider.vhd" into library work
Parsing entity <PS2KB_Divider>.
Parsing architecture <Behavioral> of entity <ps2kb_divider>.
Parsing VHDL file "D:\PS2KB_to_VGA\PS2KB\PS2KB_Decoder.vhd" into library work
Parsing entity <PS2KB_Decoder>.
INFO:HDLCompiler:1676 - "D:\PS2KB_to_VGA\PS2KB\PS2KB_Decoder.vhd" Line 37. declaration of a buffer port will make it difficult for you to validate this design by simulation. It is preferable to declare it as output
Parsing architecture <Behavioral> of entity <ps2kb_decoder>.
Parsing VHDL file "D:\PS2KB_to_VGA\VGA\VGA.vhd" into library work
Parsing entity <VGA>.
Parsing architecture <Behavioral> of entity <vga>.
Parsing VHDL file "D:\PS2KB_to_VGA\PS2KB\PS2KB.vhd" into library work
Parsing entity <PS2KB>.
Parsing architecture <Behavioral> of entity <ps2kb>.
INFO:HDLCompiler:1676 - "D:\PS2KB_to_VGA\PS2KB\PS2KB.vhd" Line 51. declaration of a buffer port will make it difficult for you to validate this design by simulation. It is preferable to declare it as output
INFO:HDLCompiler:1676 - "D:\PS2KB_to_VGA\PS2KB\PS2KB.vhd" Line 52. declaration of a buffer port will make it difficult for you to validate this design by simulation. It is preferable to declare it as output
INFO:HDLCompiler:1676 - "D:\PS2KB_to_VGA\PS2KB\PS2KB.vhd" Line 59. declaration of a buffer port will make it difficult for you to validate this design by simulation. It is preferable to declare it as output
WARNING:HDLCompiler:439 - "D:\PS2KB_to_VGA\PS2KB\PS2KB.vhd" Line 85: Formal port clk_chr of mode buffer cannot be associated with actual port clk_chr of mode out
Parsing VHDL file "D:\PS2KB_to_VGA\PS2KB_to_VGA.vhd" into library work
Parsing entity <PS2KB_to_VGA>.
Parsing architecture <Behavioral> of entity <ps2kb_to_vga>.
WARNING:HDLCompiler:946 - "D:\PS2KB_to_VGA\PS2KB_to_VGA.vhd" Line 72: Actual for formal port char is neither a static name nor a globally static expression

=========================================================================
*                            HDL Elaboration                            *
=========================================================================

Elaborating entity <PS2KB_to_VGA> (architecture <Behavioral>) from library <work>.

Elaborating entity <PS2KB> (architecture <Behavioral>) from library <work>.

Elaborating entity <PS2KB_Divider> (architecture <Behavioral>) from library <work>.

Elaborating entity <PS2KB_Listener> (architecture <Behavioral>) from library <work>.

Elaborating entity <PS2KB_Decoder> (architecture <Behavioral>) from library <work>.

Elaborating entity <VGA> (architecture <Behavioral>) from library <work>.

Elaborating entity <VGA_Divider> (architecture <Behavioral>) from library <work>.

Elaborating entity <VGA_Controller> (architecture <Behavioral>) with generics from library <work>.

Elaborating entity <VGA_RAM_Text> (architecture <VGA_RAM_Text_a>) from library <work>.

Elaborating entity <VGA_Decoder> (architecture <Behavioral>) from library <work>.

Elaborating entity <VGA_ROM_Font> (architecture <VGA_ROM_Font_a>) from library <work>.

Elaborating entity <VGA_Render> (architecture <Behavioral>) from library <work>.

=========================================================================
*                           HDL Synthesis                               *
=========================================================================

Synthesizing Unit <PS2KB_to_VGA>.
    Related source file is "D:\PS2KB_to_VGA\PS2KB_to_VGA.vhd".
    Summary:
	no macro.
Unit <PS2KB_to_VGA> synthesized.

Synthesizing Unit <PS2KB>.
    Related source file is "D:\PS2KB_to_VGA\PS2KB\PS2KB.vhd".
    Summary:
	no macro.
Unit <PS2KB> synthesized.

Synthesizing Unit <PS2KB_Divider>.
    Related source file is "D:\PS2KB_to_VGA\PS2KB\PS2KB_Divider.vhd".
    Found 1-bit register for signal <clk>.
    Found 32-bit register for signal <count>.
    Found 32-bit adder for signal <count[31]_GND_5_o_add_2_OUT> created at line 45.
    Found 32-bit comparator lessequal for signal <n0000> created at line 44
    Found 32-bit comparator greater for signal <GND_5_o_count[31]_LessThan_2_o> created at line 44
    Summary:
	inferred   1 Adder/Subtractor(s).
	inferred  33 D-type flip-flop(s).
	inferred   2 Comparator(s).
Unit <PS2KB_Divider> synthesized.

Synthesizing Unit <PS2KB_Listener>.
    Related source file is "D:\PS2KB_to_VGA\PS2KB\PS2KB_Listener.vhd".
    Found 3-bit register for signal <state>.
    Found 32-bit register for signal <hits>.
    Found 32-bit register for signal <pos>.
    Found 8-bit register for signal <data>.
    Found 1-bit register for signal <clk>.
    Found 1-bit register for signal <prev_clk_kb_clk_1M_DFF_48>.
    Found 1-bit register for signal <clk_kb_clk_1M_DFF_38_q>.
    Found 1-bit register for signal <prev_clk_kb>.
    Found finite state machine <FSM_0> for signal <state>.
    -----------------------------------------------------------------------
    | States             | 5                                              |
    | Transitions        | 31                                             |
    | Inputs             | 7                                              |
    | Outputs            | 5                                              |
    | Clock              | clk_1M (rising_edge)                           |
    | Reset              | rst (negative)                                 |
    | Reset type         | asynchronous                                   |
    | Reset State        | st_waiting                                     |
    | Power Up State     | st_waiting                                     |
    | Encoding           | auto                                           |
    | Implementation     | LUT                                            |
    -----------------------------------------------------------------------
    Found 32-bit adder for signal <pos[31]_GND_6_o_add_4_OUT> created at line 80.
    Found 32-bit adder for signal <hits[31]_GND_6_o_add_18_OUT> created at line 111.
    Found 1-bit tristate buffer for signal <clk_kb> created at line 51
    Found 32-bit comparator greater for signal <n0037> created at line 101
    Summary:
	inferred   2 Adder/Subtractor(s).
	inferred  76 D-type flip-flop(s).
	inferred   1 Comparator(s).
	inferred  14 Multiplexer(s).
	inferred   1 Tristate(s).
	inferred   1 Finite State Machine(s).
Unit <PS2KB_Listener> synthesized.

Synthesizing Unit <PS2KB_Decoder>.
    Related source file is "D:\PS2KB_to_VGA\PS2KB\PS2KB_Decoder.vhd".
    Found 8-bit register for signal <char>.
    Found 24-bit register for signal <prev_data>.
    Found 1-bit register for signal <clk_chr>.
    Found 1-bit register for signal <caps>.
    Found 1-bit register for signal <shift>.
    Found 1-bit register for signal <prev_clk>.
    Summary:
	inferred  36 D-type flip-flop(s).
	inferred  35 Multiplexer(s).
Unit <PS2KB_Decoder> synthesized.

Synthesizing Unit <VGA>.
    Related source file is "D:\PS2KB_to_VGA\VGA\VGA.vhd".
    Summary:
	no macro.
Unit <VGA> synthesized.

Synthesizing Unit <VGA_Divider>.
    Related source file is "D:\PS2KB_to_VGA\VGA\VGA_Divider.vhd".
    Found 32-bit register for signal <count>.
    Found 1-bit register for signal <clk2>.
    Found 1-bit register for signal <clk1>.
    Found 32-bit adder for signal <count[31]_GND_13_o_add_2_OUT> created at line 49.
    Found 32-bit comparator lessequal for signal <n0003> created at line 48
    Found 32-bit comparator greater for signal <GND_13_o_count[31]_LessThan_2_o> created at line 48
    Summary:
	inferred   1 Adder/Subtractor(s).
	inferred  34 D-type flip-flop(s).
	inferred   2 Comparator(s).
Unit <VGA_Divider> synthesized.

Synthesizing Unit <VGA_Controller>.
    Related source file is "D:\PS2KB_to_VGA\VGA\VGA_Controller.vhd".
        LINE_NUM = 30
        LINE_CHR = 80
WARNING:Xst:647 - Input <addr<2:0>> is never used. This port will be preserved and left unconnected if it belongs to a top-level block or it belongs to a sub-block and the hierarchy of this sub-block is preserved.
WARNING:Xst:647 - Input <addr<13:10>> is never used. This port will be preserved and left unconnected if it belongs to a top-level block or it belongs to a sub-block and the hierarchy of this sub-block is preserved.
    Found 30-bit register for signal <new_line>.
    Found 32-bit register for signal <start>.
    Found 32-bit register for signal <line>.
    Found 32-bit register for signal <column>.
    Found 1-bit register for signal <wea>.
    Found 1-bit register for signal <eol<29><6>>.
    Found 1-bit register for signal <eol<29><5>>.
    Found 1-bit register for signal <eol<29><4>>.
    Found 1-bit register for signal <eol<29><3>>.
    Found 1-bit register for signal <eol<29><2>>.
    Found 1-bit register for signal <eol<29><1>>.
    Found 1-bit register for signal <eol<29><0>>.
    Found 1-bit register for signal <eol<28><6>>.
    Found 1-bit register for signal <eol<28><5>>.
    Found 1-bit register for signal <eol<28><4>>.
    Found 1-bit register for signal <eol<28><3>>.
    Found 1-bit register for signal <eol<28><2>>.
    Found 1-bit register for signal <eol<28><1>>.
    Found 1-bit register for signal <eol<28><0>>.
    Found 1-bit register for signal <eol<27><6>>.
    Found 1-bit register for signal <eol<27><5>>.
    Found 1-bit register for signal <eol<27><4>>.
    Found 1-bit register for signal <eol<27><3>>.
    Found 1-bit register for signal <eol<27><2>>.
    Found 1-bit register for signal <eol<27><1>>.
    Found 1-bit register for signal <eol<27><0>>.
    Found 1-bit register for signal <eol<26><6>>.
    Found 1-bit register for signal <eol<26><5>>.
    Found 1-bit register for signal <eol<26><4>>.
    Found 1-bit register for signal <eol<26><3>>.
    Found 1-bit register for signal <eol<26><2>>.
    Found 1-bit register for signal <eol<26><1>>.
    Found 1-bit register for signal <eol<26><0>>.
    Found 1-bit register for signal <eol<25><6>>.
    Found 1-bit register for signal <eol<25><5>>.
    Found 1-bit register for signal <eol<25><4>>.
    Found 1-bit register for signal <eol<25><3>>.
    Found 1-bit register for signal <eol<25><2>>.
    Found 1-bit register for signal <eol<25><1>>.
    Found 1-bit register for signal <eol<25><0>>.
    Found 1-bit register for signal <eol<24><6>>.
    Found 1-bit register for signal <eol<24><5>>.
    Found 1-bit register for signal <eol<24><4>>.
    Found 1-bit register for signal <eol<24><3>>.
    Found 1-bit register for signal <eol<24><2>>.
    Found 1-bit register for signal <eol<24><1>>.
    Found 1-bit register for signal <eol<24><0>>.
    Found 1-bit register for signal <eol<23><6>>.
    Found 1-bit register for signal <eol<23><5>>.
    Found 1-bit register for signal <eol<23><4>>.
    Found 1-bit register for signal <eol<23><3>>.
    Found 1-bit register for signal <eol<23><2>>.
    Found 1-bit register for signal <eol<23><1>>.
    Found 1-bit register for signal <eol<23><0>>.
    Found 1-bit register for signal <eol<22><6>>.
    Found 1-bit register for signal <eol<22><5>>.
    Found 1-bit register for signal <eol<22><4>>.
    Found 1-bit register for signal <eol<22><3>>.
    Found 1-bit register for signal <eol<22><2>>.
    Found 1-bit register for signal <eol<22><1>>.
    Found 1-bit register for signal <eol<22><0>>.
    Found 1-bit register for signal <eol<21><6>>.
    Found 1-bit register for signal <eol<21><5>>.
    Found 1-bit register for signal <eol<21><4>>.
    Found 1-bit register for signal <eol<21><3>>.
    Found 1-bit register for signal <eol<21><2>>.
    Found 1-bit register for signal <eol<21><1>>.
    Found 1-bit register for signal <eol<21><0>>.
    Found 1-bit register for signal <eol<20><6>>.
    Found 1-bit register for signal <eol<20><5>>.
    Found 1-bit register for signal <eol<20><4>>.
    Found 1-bit register for signal <eol<20><3>>.
    Found 1-bit register for signal <eol<20><2>>.
    Found 1-bit register for signal <eol<20><1>>.
    Found 1-bit register for signal <eol<20><0>>.
    Found 1-bit register for signal <eol<19><6>>.
    Found 1-bit register for signal <eol<19><5>>.
    Found 1-bit register for signal <eol<19><4>>.
    Found 1-bit register for signal <eol<19><3>>.
    Found 1-bit register for signal <eol<19><2>>.
    Found 1-bit register for signal <eol<19><1>>.
    Found 1-bit register for signal <eol<19><0>>.
    Found 1-bit register for signal <eol<18><6>>.
    Found 1-bit register for signal <eol<18><5>>.
    Found 1-bit register for signal <eol<18><4>>.
    Found 1-bit register for signal <eol<18><3>>.
    Found 1-bit register for signal <eol<18><2>>.
    Found 1-bit register for signal <eol<18><1>>.
    Found 1-bit register for signal <eol<18><0>>.
    Found 1-bit register for signal <eol<17><6>>.
    Found 1-bit register for signal <eol<17><5>>.
    Found 1-bit register for signal <eol<17><4>>.
    Found 1-bit register for signal <eol<17><3>>.
    Found 1-bit register for signal <eol<17><2>>.
    Found 1-bit register for signal <eol<17><1>>.
    Found 1-bit register for signal <eol<17><0>>.
    Found 1-bit register for signal <eol<16><6>>.
    Found 1-bit register for signal <eol<16><5>>.
    Found 1-bit register for signal <eol<16><4>>.
    Found 1-bit register for signal <eol<16><3>>.
    Found 1-bit register for signal <eol<16><2>>.
    Found 1-bit register for signal <eol<16><1>>.
    Found 1-bit register for signal <eol<16><0>>.
    Found 1-bit register for signal <eol<15><6>>.
    Found 1-bit register for signal <eol<15><5>>.
    Found 1-bit register for signal <eol<15><4>>.
    Found 1-bit register for signal <eol<15><3>>.
    Found 1-bit register for signal <eol<15><2>>.
    Found 1-bit register for signal <eol<15><1>>.
    Found 1-bit register for signal <eol<15><0>>.
    Found 1-bit register for signal <eol<14><6>>.
    Found 1-bit register for signal <eol<14><5>>.
    Found 1-bit register for signal <eol<14><4>>.
    Found 1-bit register for signal <eol<14><3>>.
    Found 1-bit register for signal <eol<14><2>>.
    Found 1-bit register for signal <eol<14><1>>.
    Found 1-bit register for signal <eol<14><0>>.
    Found 1-bit register for signal <eol<13><6>>.
    Found 1-bit register for signal <eol<13><5>>.
    Found 1-bit register for signal <eol<13><4>>.
    Found 1-bit register for signal <eol<13><3>>.
    Found 1-bit register for signal <eol<13><2>>.
    Found 1-bit register for signal <eol<13><1>>.
    Found 1-bit register for signal <eol<13><0>>.
    Found 1-bit register for signal <eol<12><6>>.
    Found 1-bit register for signal <eol<12><5>>.
    Found 1-bit register for signal <eol<12><4>>.
    Found 1-bit register for signal <eol<12><3>>.
    Found 1-bit register for signal <eol<12><2>>.
    Found 1-bit register for signal <eol<12><1>>.
    Found 1-bit register for signal <eol<12><0>>.
    Found 1-bit register for signal <eol<11><6>>.
    Found 1-bit register for signal <eol<11><5>>.
    Found 1-bit register for signal <eol<11><4>>.
    Found 1-bit register for signal <eol<11><3>>.
    Found 1-bit register for signal <eol<11><2>>.
    Found 1-bit register for signal <eol<11><1>>.
    Found 1-bit register for signal <eol<11><0>>.
    Found 1-bit register for signal <eol<10><6>>.
    Found 1-bit register for signal <eol<10><5>>.
    Found 1-bit register for signal <eol<10><4>>.
    Found 1-bit register for signal <eol<10><3>>.
    Found 1-bit register for signal <eol<10><2>>.
    Found 1-bit register for signal <eol<10><1>>.
    Found 1-bit register for signal <eol<10><0>>.
    Found 1-bit register for signal <eol<9><6>>.
    Found 1-bit register for signal <eol<9><5>>.
    Found 1-bit register for signal <eol<9><4>>.
    Found 1-bit register for signal <eol<9><3>>.
    Found 1-bit register for signal <eol<9><2>>.
    Found 1-bit register for signal <eol<9><1>>.
    Found 1-bit register for signal <eol<9><0>>.
    Found 1-bit register for signal <eol<8><6>>.
    Found 1-bit register for signal <eol<8><5>>.
    Found 1-bit register for signal <eol<8><4>>.
    Found 1-bit register for signal <eol<8><3>>.
    Found 1-bit register for signal <eol<8><2>>.
    Found 1-bit register for signal <eol<8><1>>.
    Found 1-bit register for signal <eol<8><0>>.
    Found 1-bit register for signal <eol<7><6>>.
    Found 1-bit register for signal <eol<7><5>>.
    Found 1-bit register for signal <eol<7><4>>.
    Found 1-bit register for signal <eol<7><3>>.
    Found 1-bit register for signal <eol<7><2>>.
    Found 1-bit register for signal <eol<7><1>>.
    Found 1-bit register for signal <eol<7><0>>.
    Found 1-bit register for signal <eol<6><6>>.
    Found 1-bit register for signal <eol<6><5>>.
    Found 1-bit register for signal <eol<6><4>>.
    Found 1-bit register for signal <eol<6><3>>.
    Found 1-bit register for signal <eol<6><2>>.
    Found 1-bit register for signal <eol<6><1>>.
    Found 1-bit register for signal <eol<6><0>>.
    Found 1-bit register for signal <eol<5><6>>.
    Found 1-bit register for signal <eol<5><5>>.
    Found 1-bit register for signal <eol<5><4>>.
    Found 1-bit register for signal <eol<5><3>>.
    Found 1-bit register for signal <eol<5><2>>.
    Found 1-bit register for signal <eol<5><1>>.
    Found 1-bit register for signal <eol<5><0>>.
    Found 1-bit register for signal <eol<4><6>>.
    Found 1-bit register for signal <eol<4><5>>.
    Found 1-bit register for signal <eol<4><4>>.
    Found 1-bit register for signal <eol<4><3>>.
    Found 1-bit register for signal <eol<4><2>>.
    Found 1-bit register for signal <eol<4><1>>.
    Found 1-bit register for signal <eol<4><0>>.
    Found 1-bit register for signal <eol<3><6>>.
    Found 1-bit register for signal <eol<3><5>>.
    Found 1-bit register for signal <eol<3><4>>.
    Found 1-bit register for signal <eol<3><3>>.
    Found 1-bit register for signal <eol<3><2>>.
    Found 1-bit register for signal <eol<3><1>>.
    Found 1-bit register for signal <eol<3><0>>.
    Found 1-bit register for signal <eol<2><6>>.
    Found 1-bit register for signal <eol<2><5>>.
    Found 1-bit register for signal <eol<2><4>>.
    Found 1-bit register for signal <eol<2><3>>.
    Found 1-bit register for signal <eol<2><2>>.
    Found 1-bit register for signal <eol<2><1>>.
    Found 1-bit register for signal <eol<2><0>>.
    Found 1-bit register for signal <eol<1><6>>.
    Found 1-bit register for signal <eol<1><5>>.
    Found 1-bit register for signal <eol<1><4>>.
    Found 1-bit register for signal <eol<1><3>>.
    Found 1-bit register for signal <eol<1><2>>.
    Found 1-bit register for signal <eol<1><1>>.
    Found 1-bit register for signal <eol<1><0>>.
    Found 1-bit register for signal <eol<0><6>>.
    Found 1-bit register for signal <eol<0><5>>.
    Found 1-bit register for signal <eol<0><4>>.
    Found 1-bit register for signal <eol<0><3>>.
    Found 1-bit register for signal <eol<0><2>>.
    Found 1-bit register for signal <eol<0><1>>.
    Found 1-bit register for signal <eol<0><0>>.
    Found 12-bit register for signal <addra>.
    Found 16-bit register for signal <dina>.
    Found 8-bit subtractor for signal <GND_15_o_GND_15_o_sub_18_OUT> created at line 100.
    Found 8-bit subtractor for signal <GND_15_o_GND_15_o_sub_57_OUT> created at line 108.
    Found 32-bit adder for signal <start[31]_GND_15_o_add_3_OUT> created at line 80.
    Found 32-bit adder for signal <line[31]_GND_15_o_add_11_OUT> created at line 84.
    Found 32-bit adder for signal <column[31]_GND_15_o_add_321_OUT> created at line 137.
    Found 32-bit adder for signal <virt_line[31]_start[31]_add_498_OUT> created at line 145.
    Found 32-bit subtractor for signal <line[31]_GND_15_o_sub_8_OUT<31:0>> created at line 82.
    Found 32-bit subtractor for signal <virt_line[31]_GND_15_o_sub_500_OUT<31:0>> created at line 145.
    Found 7-bit 30-to-1 multiplexer for signal <line[4]_X_14_o_wide_mux_16_OUT> created at line 100.
    Found 1-bit 30-to-1 multiplexer for signal <prev_line[4]_X_14_o_Mux_52_o> created at line 104.
    Found 7-bit 30-to-1 multiplexer for signal <prev_line[4]_X_14_o_wide_mux_55_OUT> created at line 108.
    Found 7-bit 30-to-1 multiplexer for signal <phys_line[4]_X_14_o_wide_mux_506_OUT> created at line 149.
    Found 32-bit comparator lessequal for signal <n0001> created at line 80
    Found 32-bit comparator greater for signal <GND_15_o_start[31]_LessThan_3_o> created at line 80
    Found 32-bit comparator greater for signal <line[31]_GND_15_o_LessThan_6_o> created at line 82
    Found 32-bit comparator lessequal for signal <n0008> created at line 82
    Found 32-bit comparator lessequal for signal <n0013> created at line 84
    Found 32-bit comparator greater for signal <GND_15_o_line[31]_LessThan_11_o> created at line 84
    Found 32-bit comparator equal for signal <n0055> created at line 102
    Found 32-bit comparator not equal for signal <next_line[31]_start[31]_equal_320_o> created at line 130
    Found 32-bit comparator greater for signal <GND_15_o_virt_line[31]_LessThan_498_o> created at line 144
    Found 32-bit comparator equal for signal <line[31]_phys_line[31]_equal_505_o> created at line 148
    Found 32-bit comparator equal for signal <column[31]_phys_column[31]_equal_506_o> created at line 148
    Found 32-bit comparator greater for signal <GND_15_o_phys_column[31]_LessThan_508_o> created at line 149
    Summary:
	inferred   8 Adder/Subtractor(s).
	inferred 365 D-type flip-flop(s).
	inferred  12 Comparator(s).
	inferred 1489 Multiplexer(s).
Unit <VGA_Controller> synthesized.

Synthesizing Unit <VGA_Decoder>.
    Related source file is "D:\PS2KB_to_VGA\VGA\VGA_Decoder.vhd".
WARNING:Xst:647 - Input <data<8:8>> is never used. This port will be preserved and left unconnected if it belongs to a top-level block or it belongs to a sub-block and the hierarchy of this sub-block is preserved.
WARNING:Xst:647 - Input <addr<9:3>> is never used. This port will be preserved and left unconnected if it belongs to a top-level block or it belongs to a sub-block and the hierarchy of this sub-block is preserved.
WARNING:Xst:647 - Input <addr<18:14>> is never used. This port will be preserved and left unconnected if it belongs to a top-level block or it belongs to a sub-block and the hierarchy of this sub-block is preserved.
    Found 1-bit 8-to-1 multiplexer for signal <fg> created at line 65.
    Summary:
	inferred   3 Multiplexer(s).
Unit <VGA_Decoder> synthesized.

Synthesizing Unit <VGA_Render>.
    Related source file is "D:\PS2KB_to_VGA\VGA\VGA_Render.vhd".
    Found 1-bit register for signal <vSync>.
    Found 1-bit register for signal <hSync>.
    Found 32-bit register for signal <vCounter>.
    Found 32-bit register for signal <hCounter>.
    Found 1-bit register for signal <enable>.
    Found 32-bit adder for signal <hCounter[31]_GND_71_o_add_1_OUT> created at line 76.
    Found 32-bit adder for signal <vCounter[31]_GND_71_o_add_7_OUT> created at line 103.
    Found 32-bit comparator greater for signal <GND_71_o_hCounter[31]_LessThan_1_o> created at line 75
    Found 32-bit comparator lessequal for signal <n0003> created at line 86
    Found 32-bit comparator greater for signal <GND_71_o_hCounter[31]_LessThan_6_o> created at line 86
    Found 32-bit comparator greater for signal <GND_71_o_vCounter[31]_LessThan_7_o> created at line 102
    Found 32-bit comparator lessequal for signal <n0014> created at line 113
    Found 32-bit comparator greater for signal <GND_71_o_vCounter[31]_LessThan_12_o> created at line 113
    Found 32-bit comparator lessequal for signal <n0020> created at line 124
    Found 32-bit comparator lessequal for signal <n0022> created at line 124
    Summary:
	inferred   2 Adder/Subtractor(s).
	inferred  67 D-type flip-flop(s).
	inferred   8 Comparator(s).
	inferred   3 Multiplexer(s).
Unit <VGA_Render> synthesized.

=========================================================================
HDL Synthesis Report

Macro Statistics
# Adders/Subtractors                                   : 14
 32-bit adder                                          : 10
 32-bit subtractor                                     : 2
 8-bit subtractor                                      : 2
# Registers                                            : 240
 1-bit register                                        : 225
 12-bit register                                       : 1
 16-bit register                                       : 1
 24-bit register                                       : 1
 30-bit register                                       : 1
 32-bit register                                       : 9
 8-bit register                                        : 2
# Comparators                                          : 25
 32-bit comparator equal                               : 3
 32-bit comparator greater                             : 12
 32-bit comparator lessequal                           : 9
 32-bit comparator not equal                           : 1
# Multiplexers                                         : 1544
 1-bit 2-to-1 multiplexer                              : 1390
 1-bit 30-to-1 multiplexer                             : 1
 1-bit 8-to-1 multiplexer                              : 1
 12-bit 2-to-1 multiplexer                             : 1
 16-bit 2-to-1 multiplexer                             : 2
 30-bit 2-to-1 multiplexer                             : 2
 32-bit 2-to-1 multiplexer                             : 44
 7-bit 30-to-1 multiplexer                             : 3
 8-bit 2-to-1 multiplexer                              : 97
 9-bit 2-to-1 multiplexer                              : 3
# Tristates                                            : 1
 1-bit tristate buffer                                 : 1
# FSMs                                                 : 1
# Xors                                                 : 2
 1-bit xor2                                            : 1
 1-bit xor9                                            : 1

=========================================================================

=========================================================================
*                       Advanced HDL Synthesis                          *
=========================================================================

Reading core <VGA/VGA_RAM_Text.ngc>.
Reading core <VGA/VGA_ROM_Font.ngc>.
Loading core <VGA_RAM_Text> for timing and area information for instance <ram>.
Loading core <VGA_ROM_Font> for timing and area information for instance <rom>.
WARNING:Xst:1710 - FF/Latch <char[15]_dff_0_8> (without init value) has a constant value of 0 in block <con>. This FF/Latch will be trimmed during the optimization process.
WARNING:Xst:1710 - FF/Latch <char[15]_dff_0_9> (without init value) has a constant value of 0 in block <con>. This FF/Latch will be trimmed during the optimization process.
WARNING:Xst:1710 - FF/Latch <char[15]_dff_0_10> (without init value) has a constant value of 0 in block <con>. This FF/Latch will be trimmed during the optimization process.
WARNING:Xst:1710 - FF/Latch <char[15]_dff_0_11> (without init value) has a constant value of 0 in block <con>. This FF/Latch will be trimmed during the optimization process.
WARNING:Xst:1710 - FF/Latch <char[15]_dff_0_12> (without init value) has a constant value of 0 in block <con>. This FF/Latch will be trimmed during the optimization process.
WARNING:Xst:1710 - FF/Latch <char[15]_dff_0_13> (without init value) has a constant value of 0 in block <con>. This FF/Latch will be trimmed during the optimization process.
WARNING:Xst:1710 - FF/Latch <char[15]_dff_0_14> (without init value) has a constant value of 0 in block <con>. This FF/Latch will be trimmed during the optimization process.
WARNING:Xst:1710 - FF/Latch <char[15]_dff_0_15> (without init value) has a constant value of 0 in block <con>. This FF/Latch will be trimmed during the optimization process.
WARNING:Xst:2677 - Node <prev_data_8> of sequential type is unconnected in block <dec>.
WARNING:Xst:2677 - Node <prev_data_9> of sequential type is unconnected in block <dec>.
WARNING:Xst:2677 - Node <prev_data_10> of sequential type is unconnected in block <dec>.
WARNING:Xst:2677 - Node <prev_data_11> of sequential type is unconnected in block <dec>.
WARNING:Xst:2677 - Node <prev_data_12> of sequential type is unconnected in block <dec>.
WARNING:Xst:2677 - Node <prev_data_13> of sequential type is unconnected in block <dec>.
WARNING:Xst:2677 - Node <prev_data_14> of sequential type is unconnected in block <dec>.
WARNING:Xst:2677 - Node <prev_data_15> of sequential type is unconnected in block <dec>.
WARNING:Xst:2677 - Node <prev_data_16> of sequential type is unconnected in block <dec>.
WARNING:Xst:2677 - Node <prev_data_17> of sequential type is unconnected in block <dec>.
WARNING:Xst:2677 - Node <prev_data_18> of sequential type is unconnected in block <dec>.
WARNING:Xst:2677 - Node <prev_data_19> of sequential type is unconnected in block <dec>.
WARNING:Xst:2677 - Node <prev_data_20> of sequential type is unconnected in block <dec>.
WARNING:Xst:2677 - Node <prev_data_21> of sequential type is unconnected in block <dec>.
WARNING:Xst:2677 - Node <prev_data_22> of sequential type is unconnected in block <dec>.
WARNING:Xst:2677 - Node <prev_data_23> of sequential type is unconnected in block <dec>.

Synthesizing (advanced) Unit <PS2KB_Divider>.
The following registers are absorbed into counter <count>: 1 register on signal <count>.
Unit <PS2KB_Divider> synthesized (advanced).

Synthesizing (advanced) Unit <VGA_Divider>.
The following registers are absorbed into counter <count>: 1 register on signal <count>.
Unit <VGA_Divider> synthesized (advanced).
WARNING:Xst:2677 - Node <prev_data_8> of sequential type is unconnected in block <PS2KB_Decoder>.
WARNING:Xst:2677 - Node <prev_data_9> of sequential type is unconnected in block <PS2KB_Decoder>.
WARNING:Xst:2677 - Node <prev_data_10> of sequential type is unconnected in block <PS2KB_Decoder>.
WARNING:Xst:2677 - Node <prev_data_11> of sequential type is unconnected in block <PS2KB_Decoder>.
WARNING:Xst:2677 - Node <prev_data_12> of sequential type is unconnected in block <PS2KB_Decoder>.
WARNING:Xst:2677 - Node <prev_data_13> of sequential type is unconnected in block <PS2KB_Decoder>.
WARNING:Xst:2677 - Node <prev_data_14> of sequential type is unconnected in block <PS2KB_Decoder>.
WARNING:Xst:2677 - Node <prev_data_15> of sequential type is unconnected in block <PS2KB_Decoder>.
WARNING:Xst:2677 - Node <prev_data_16> of sequential type is unconnected in block <PS2KB_Decoder>.
WARNING:Xst:2677 - Node <prev_data_17> of sequential type is unconnected in block <PS2KB_Decoder>.
WARNING:Xst:2677 - Node <prev_data_18> of sequential type is unconnected in block <PS2KB_Decoder>.
WARNING:Xst:2677 - Node <prev_data_19> of sequential type is unconnected in block <PS2KB_Decoder>.
WARNING:Xst:2677 - Node <prev_data_20> of sequential type is unconnected in block <PS2KB_Decoder>.
WARNING:Xst:2677 - Node <prev_data_21> of sequential type is unconnected in block <PS2KB_Decoder>.
WARNING:Xst:2677 - Node <prev_data_22> of sequential type is unconnected in block <PS2KB_Decoder>.
WARNING:Xst:2677 - Node <prev_data_23> of sequential type is unconnected in block <PS2KB_Decoder>.

=========================================================================
Advanced HDL Synthesis Report

Macro Statistics
# Adders/Subtractors                                   : 12
 32-bit adder                                          : 8
 32-bit subtractor                                     : 2
 8-bit subtractor                                      : 2
# Counters                                             : 2
 32-bit up counter                                     : 2
# Registers                                            : 531
 Flip-Flops                                            : 531
# Comparators                                          : 25
 32-bit comparator equal                               : 3
 32-bit comparator greater                             : 12
 32-bit comparator lessequal                           : 9
 32-bit comparator not equal                           : 1
# Multiplexers                                         : 1544
 1-bit 2-to-1 multiplexer                              : 1390
 1-bit 30-to-1 multiplexer                             : 1
 1-bit 8-to-1 multiplexer                              : 1
 12-bit 2-to-1 multiplexer                             : 1
 16-bit 2-to-1 multiplexer                             : 2
 30-bit 2-to-1 multiplexer                             : 2
 32-bit 2-to-1 multiplexer                             : 44
 7-bit 30-to-1 multiplexer                             : 3
 8-bit 2-to-1 multiplexer                              : 97
 9-bit 2-to-1 multiplexer                              : 3
# FSMs                                                 : 1
# Xors                                                 : 2
 1-bit xor2                                            : 1
 1-bit xor9                                            : 1

=========================================================================

=========================================================================
*                         Low Level Synthesis                           *
=========================================================================
INFO:Xst:2261 - The FF/Latch <char[15]_dff_0_8> in Unit <VGA_Controller> is equivalent to the following 7 FFs/Latches, which will be removed : <char[15]_dff_0_9> <char[15]_dff_0_10> <char[15]_dff_0_11> <char[15]_dff_0_12> <char[15]_dff_0_13> <char[15]_dff_0_14> <char[15]_dff_0_15> 
WARNING:Xst:1710 - FF/Latch <char[15]_dff_0_8> (without init value) has a constant value of 0 in block <VGA_Controller>. This FF/Latch will be trimmed during the optimization process.
Analyzing FSM <MFsm> for best encoding.
Optimizing FSM <ps2kb_m/lis/FSM_0> on signal <state[1:3]> with gray encoding.
-------------------------
 State       | Encoding
-------------------------
 st_waiting  | 000
 st_reading  | 011
 st_checking | 010
 st_ending   | 110
 st_refusing | 001
-------------------------
WARNING:Xst:1710 - FF/Latch <char_7> (without init value) has a constant value of 0 in block <PS2KB_Decoder>. This FF/Latch will be trimmed during the optimization process.
WARNING:Xst:3002 - This design contains one or more registers/latches that are directly
   incompatible with the Spartan6 architecture. The two primary causes of this is
   either a register or latch described with both an asynchronous set and
   asynchronous reset, or a register or latch described with an asynchronous
   set or reset which however has an initialization value of the opposite 
   polarity (i.e. asynchronous reset with an initialization value of 1).
    While this circuit can be built, it creates a sub-optimal implementation
   in terms of area, power and performance. For a more optimal implementation
   Xilinx highly recommends one of the following:

          1) Remove either the set or reset from all registers and latches
             if not needed for required functionality
          2) Modify the code in order to produce a synchronous set
             and/or reset (both is preferred)
          3) Ensure all registers have the same initialization value as the
             described asynchronous set or reset polarity
          4) Use the -async_to_sync option to transform the asynchronous
             set/reset to synchronous operation
             (timing simulation highly recommended when using this option)

  Please refer to http://www.xilinx.com search string "Spartan6 asynchronous set/reset" for more details.

  List of register instances with asynchronous set or reset and opposite initialization value:
    ps2kb_m/lis/hits_31 in unit <PS2KB_to_VGA>
    ps2kb_m/lis/pos_31 in unit <PS2KB_to_VGA>
    hCounter_31 in unit <VGA_Render>
    vCounter_31 in unit <VGA_Render>
    column_31 in unit <VGA_Controller>
    eol_0_4 in unit <VGA_Controller>
    eol_0_6 in unit <VGA_Controller>
    eol_1_4 in unit <VGA_Controller>
    eol_1_6 in unit <VGA_Controller>
    eol_2_4 in unit <VGA_Controller>
    eol_2_6 in unit <VGA_Controller>
    eol_3_4 in unit <VGA_Controller>
    eol_3_6 in unit <VGA_Controller>
    eol_4_4 in unit <VGA_Controller>
    eol_4_6 in unit <VGA_Controller>
    eol_5_4 in unit <VGA_Controller>
    eol_5_6 in unit <VGA_Controller>
    eol_6_4 in unit <VGA_Controller>
    eol_6_6 in unit <VGA_Controller>
    eol_7_4 in unit <VGA_Controller>
    eol_7_6 in unit <VGA_Controller>
    eol_8_6 in unit <VGA_Controller>
    eol_8_4 in unit <VGA_Controller>
    eol_9_6 in unit <VGA_Controller>
    eol_9_4 in unit <VGA_Controller>
    eol_10_6 in unit <VGA_Controller>
    eol_10_4 in unit <VGA_Controller>
    eol_11_6 in unit <VGA_Controller>
    eol_11_4 in unit <VGA_Controller>
    eol_12_4 in unit <VGA_Controller>
    eol_12_6 in unit <VGA_Controller>
    eol_13_4 in unit <VGA_Controller>
    eol_13_6 in unit <VGA_Controller>
    eol_14_4 in unit <VGA_Controller>
    eol_14_6 in unit <VGA_Controller>
    eol_15_4 in unit <VGA_Controller>
    eol_15_6 in unit <VGA_Controller>
    eol_16_4 in unit <VGA_Controller>
    eol_16_6 in unit <VGA_Controller>
    eol_17_4 in unit <VGA_Controller>
    eol_17_6 in unit <VGA_Controller>
    eol_18_4 in unit <VGA_Controller>
    eol_18_6 in unit <VGA_Controller>
    eol_19_4 in unit <VGA_Controller>
    eol_19_6 in unit <VGA_Controller>
    eol_20_4 in unit <VGA_Controller>
    eol_20_6 in unit <VGA_Controller>
    eol_21_4 in unit <VGA_Controller>
    eol_21_6 in unit <VGA_Controller>
    eol_22_4 in unit <VGA_Controller>
    eol_22_6 in unit <VGA_Controller>
    eol_23_6 in unit <VGA_Controller>
    eol_23_4 in unit <VGA_Controller>
    eol_24_4 in unit <VGA_Controller>
    eol_24_6 in unit <VGA_Controller>
    eol_25_4 in unit <VGA_Controller>
    eol_25_6 in unit <VGA_Controller>
    eol_26_4 in unit <VGA_Controller>
    eol_26_6 in unit <VGA_Controller>
    eol_27_4 in unit <VGA_Controller>
    eol_27_6 in unit <VGA_Controller>
    eol_28_4 in unit <VGA_Controller>
    eol_28_6 in unit <VGA_Controller>
    eol_29_4 in unit <VGA_Controller>
    eol_29_6 in unit <VGA_Controller>
    line_31 in unit <VGA_Controller>
    start_31 in unit <VGA_Controller>


Optimizing unit <PS2KB_to_VGA> ...

Optimizing unit <PS2KB_Decoder> ...

Optimizing unit <VGA_Controller> ...

Optimizing unit <VGA_Render> ...

Optimizing unit <VGA_Divider> ...

Optimizing unit <VGA_Decoder> ...
WARNING:Xst:1710 - FF/Latch <vga_m/con/char[15]_dff_0_7> (without init value) has a constant value of 0 in block <PS2KB_to_VGA>. This FF/Latch will be trimmed during the optimization process.
WARNING:Xst:1293 - FF/Latch <vga_m/con/line_27> has a constant value of 0 in block <PS2KB_to_VGA>. This FF/Latch will be trimmed during the optimization process.
WARNING:Xst:1293 - FF/Latch <vga_m/con/line_26> has a constant value of 0 in block <PS2KB_to_VGA>. This FF/Latch will be trimmed during the optimization process.
WARNING:Xst:1293 - FF/Latch <vga_m/con/line_25> has a constant value of 0 in block <PS2KB_to_VGA>. This FF/Latch will be trimmed during the optimization process.
WARNING:Xst:1293 - FF/Latch <vga_m/con/line_24> has a constant value of 0 in block <PS2KB_to_VGA>. This FF/Latch will be trimmed during the optimization process.
WARNING:Xst:1293 - FF/Latch <vga_m/con/line_23> has a constant value of 0 in block <PS2KB_to_VGA>. This FF/Latch will be trimmed during the optimization process.
WARNING:Xst:1293 - FF/Latch <vga_m/con/line_22> has a constant value of 0 in block <PS2KB_to_VGA>. This FF/Latch will be trimmed during the optimization process.
WARNING:Xst:1293 - FF/Latch <vga_m/con/line_21> has a constant value of 0 in block <PS2KB_to_VGA>. This FF/Latch will be trimmed during the optimization process.
WARNING:Xst:1293 - FF/Latch <vga_m/con/line_20> has a constant value of 0 in block <PS2KB_to_VGA>. This FF/Latch will be trimmed during the optimization process.
WARNING:Xst:1293 - FF/Latch <vga_m/con/line_19> has a constant value of 0 in block <PS2KB_to_VGA>. This FF/Latch will be trimmed during the optimization process.
WARNING:Xst:1293 - FF/Latch <vga_m/con/line_18> has a constant value of 0 in block <PS2KB_to_VGA>. This FF/Latch will be trimmed during the optimization process.
WARNING:Xst:1293 - FF/Latch <vga_m/con/line_17> has a constant value of 0 in block <PS2KB_to_VGA>. This FF/Latch will be trimmed during the optimization process.
WARNING:Xst:1293 - FF/Latch <vga_m/con/line_16> has a constant value of 0 in block <PS2KB_to_VGA>. This FF/Latch will be trimmed during the optimization process.
WARNING:Xst:1293 - FF/Latch <vga_m/con/line_15> has a constant value of 0 in block <PS2KB_to_VGA>. This FF/Latch will be trimmed during the optimization process.
WARNING:Xst:1293 - FF/Latch <vga_m/con/line_14> has a constant value of 0 in block <PS2KB_to_VGA>. This FF/Latch will be trimmed during the optimization process.
WARNING:Xst:1293 - FF/Latch <vga_m/con/line_13> has a constant value of 0 in block <PS2KB_to_VGA>. This FF/Latch will be trimmed during the optimization process.
WARNING:Xst:1293 - FF/Latch <vga_m/con/line_12> has a constant value of 0 in block <PS2KB_to_VGA>. This FF/Latch will be trimmed during the optimization process.
WARNING:Xst:1293 - FF/Latch <vga_m/con/line_11> has a constant value of 0 in block <PS2KB_to_VGA>. This FF/Latch will be trimmed during the optimization process.
WARNING:Xst:1293 - FF/Latch <vga_m/con/line_10> has a constant value of 0 in block <PS2KB_to_VGA>. This FF/Latch will be trimmed during the optimization process.
WARNING:Xst:1293 - FF/Latch <vga_m/con/line_9> has a constant value of 0 in block <PS2KB_to_VGA>. This FF/Latch will be trimmed during the optimization process.
WARNING:Xst:1293 - FF/Latch <vga_m/con/line_8> has a constant value of 0 in block <PS2KB_to_VGA>. This FF/Latch will be trimmed during the optimization process.
WARNING:Xst:1293 - FF/Latch <vga_m/con/line_7> has a constant value of 0 in block <PS2KB_to_VGA>. This FF/Latch will be trimmed during the optimization process.
WARNING:Xst:1293 - FF/Latch <vga_m/con/line_6> has a constant value of 0 in block <PS2KB_to_VGA>. This FF/Latch will be trimmed during the optimization process.
WARNING:Xst:1293 - FF/Latch <vga_m/con/line_5> has a constant value of 0 in block <PS2KB_to_VGA>. This FF/Latch will be trimmed during the optimization process.
WARNING:Xst:1293 - FF/Latch <vga_m/con/start_30> has a constant value of 0 in block <PS2KB_to_VGA>. This FF/Latch will be trimmed during the optimization process.
WARNING:Xst:1293 - FF/Latch <vga_m/con/start_29> has a constant value of 0 in block <PS2KB_to_VGA>. This FF/Latch will be trimmed during the optimization process.
WARNING:Xst:1293 - FF/Latch <vga_m/con/start_28> has a constant value of 0 in block <PS2KB_to_VGA>. This FF/Latch will be trimmed during the optimization process.
WARNING:Xst:1293 - FF/Latch <vga_m/con/start_27> has a constant value of 0 in block <PS2KB_to_VGA>. This FF/Latch will be trimmed during the optimization process.
WARNING:Xst:1293 - FF/Latch <vga_m/con/start_26> has a constant value of 0 in block <PS2KB_to_VGA>. This FF/Latch will be trimmed during the optimization process.
WARNING:Xst:1293 - FF/Latch <vga_m/con/start_25> has a constant value of 0 in block <PS2KB_to_VGA>. This FF/Latch will be trimmed during the optimization process.
WARNING:Xst:1293 - FF/Latch <vga_m/con/start_5> has a constant value of 0 in block <PS2KB_to_VGA>. This FF/Latch will be trimmed during the optimization process.
WARNING:Xst:1293 - FF/Latch <vga_m/con/start_6> has a constant value of 0 in block <PS2KB_to_VGA>. This FF/Latch will be trimmed during the optimization process.
WARNING:Xst:1293 - FF/Latch <vga_m/con/start_7> has a constant value of 0 in block <PS2KB_to_VGA>. This FF/Latch will be trimmed during the optimization process.
WARNING:Xst:1293 - FF/Latch <vga_m/con/start_8> has a constant value of 0 in block <PS2KB_to_VGA>. This FF/Latch will be trimmed during the optimization process.
WARNING:Xst:1293 - FF/Latch <vga_m/con/start_9> has a constant value of 0 in block <PS2KB_to_VGA>. This FF/Latch will be trimmed during the optimization process.
WARNING:Xst:1293 - FF/Latch <vga_m/con/start_10> has a constant value of 0 in block <PS2KB_to_VGA>. This FF/Latch will be trimmed during the optimization process.
WARNING:Xst:1293 - FF/Latch <vga_m/con/start_11> has a constant value of 0 in block <PS2KB_to_VGA>. This FF/Latch will be trimmed during the optimization process.
WARNING:Xst:1293 - FF/Latch <vga_m/con/start_12> has a constant value of 0 in block <PS2KB_to_VGA>. This FF/Latch will be trimmed during the optimization process.
WARNING:Xst:1293 - FF/Latch <vga_m/con/start_13> has a constant value of 0 in block <PS2KB_to_VGA>. This FF/Latch will be trimmed during the optimization process.
WARNING:Xst:1293 - FF/Latch <vga_m/con/start_14> has a constant value of 0 in block <PS2KB_to_VGA>. This FF/Latch will be trimmed during the optimization process.
WARNING:Xst:1293 - FF/Latch <vga_m/con/start_15> has a constant value of 0 in block <PS2KB_to_VGA>. This FF/Latch will be trimmed during the optimization process.
WARNING:Xst:1293 - FF/Latch <vga_m/con/line_28> has a constant value of 0 in block <PS2KB_to_VGA>. This FF/Latch will be trimmed during the optimization process.
WARNING:Xst:1293 - FF/Latch <vga_m/con/line_29> has a constant value of 0 in block <PS2KB_to_VGA>. This FF/Latch will be trimmed during the optimization process.
WARNING:Xst:1293 - FF/Latch <vga_m/con/line_30> has a constant value of 0 in block <PS2KB_to_VGA>. This FF/Latch will be trimmed during the optimization process.
WARNING:Xst:1293 - FF/Latch <vga_m/con/start_24> has a constant value of 0 in block <PS2KB_to_VGA>. This FF/Latch will be trimmed during the optimization process.
WARNING:Xst:1293 - FF/Latch <vga_m/con/start_23> has a constant value of 0 in block <PS2KB_to_VGA>. This FF/Latch will be trimmed during the optimization process.
WARNING:Xst:1293 - FF/Latch <vga_m/con/start_22> has a constant value of 0 in block <PS2KB_to_VGA>. This FF/Latch will be trimmed during the optimization process.
WARNING:Xst:1293 - FF/Latch <vga_m/con/start_21> has a constant value of 0 in block <PS2KB_to_VGA>. This FF/Latch will be trimmed during the optimization process.
WARNING:Xst:1293 - FF/Latch <vga_m/con/start_20> has a constant value of 0 in block <PS2KB_to_VGA>. This FF/Latch will be trimmed during the optimization process.
WARNING:Xst:1293 - FF/Latch <vga_m/con/start_19> has a constant value of 0 in block <PS2KB_to_VGA>. This FF/Latch will be trimmed during the optimization process.
WARNING:Xst:1293 - FF/Latch <vga_m/con/start_18> has a constant value of 0 in block <PS2KB_to_VGA>. This FF/Latch will be trimmed during the optimization process.
WARNING:Xst:1293 - FF/Latch <vga_m/con/start_17> has a constant value of 0 in block <PS2KB_to_VGA>. This FF/Latch will be trimmed during the optimization process.
WARNING:Xst:1293 - FF/Latch <vga_m/con/start_16> has a constant value of 0 in block <PS2KB_to_VGA>. This FF/Latch will be trimmed during the optimization process.
WARNING:Xst:1896 - Due to other FF/Latch trimming, FF/Latch <vga_m/div/count_30> has a constant value of 0 in block <PS2KB_to_VGA>. This FF/Latch will be trimmed during the optimization process.
WARNING:Xst:1896 - Due to other FF/Latch trimming, FF/Latch <vga_m/div/count_29> has a constant value of 0 in block <PS2KB_to_VGA>. This FF/Latch will be trimmed during the optimization process.
WARNING:Xst:1896 - Due to other FF/Latch trimming, FF/Latch <vga_m/div/count_28> has a constant value of 0 in block <PS2KB_to_VGA>. This FF/Latch will be trimmed during the optimization process.
WARNING:Xst:1896 - Due to other FF/Latch trimming, FF/Latch <vga_m/div/count_27> has a constant value of 0 in block <PS2KB_to_VGA>. This FF/Latch will be trimmed during the optimization process.
WARNING:Xst:1896 - Due to other FF/Latch trimming, FF/Latch <vga_m/div/count_26> has a constant value of 0 in block <PS2KB_to_VGA>. This FF/Latch will be trimmed during the optimization process.
WARNING:Xst:1896 - Due to other FF/Latch trimming, FF/Latch <vga_m/div/count_25> has a constant value of 0 in block <PS2KB_to_VGA>. This FF/Latch will be trimmed during the optimization process.
WARNING:Xst:1896 - Due to other FF/Latch trimming, FF/Latch <ps2kb_m/div/count_5> has a constant value of 0 in block <PS2KB_to_VGA>. This FF/Latch will be trimmed during the optimization process.
WARNING:Xst:1896 - Due to other FF/Latch trimming, FF/Latch <ps2kb_m/div/count_6> has a constant value of 0 in block <PS2KB_to_VGA>. This FF/Latch will be trimmed during the optimization process.
WARNING:Xst:1896 - Due to other FF/Latch trimming, FF/Latch <ps2kb_m/div/count_7> has a constant value of 0 in block <PS2KB_to_VGA>. This FF/Latch will be trimmed during the optimization process.
WARNING:Xst:1896 - Due to other FF/Latch trimming, FF/Latch <ps2kb_m/div/count_8> has a constant value of 0 in block <PS2KB_to_VGA>. This FF/Latch will be trimmed during the optimization process.
WARNING:Xst:1896 - Due to other FF/Latch trimming, FF/Latch <ps2kb_m/div/count_9> has a constant value of 0 in block <PS2KB_to_VGA>. This FF/Latch will be trimmed during the optimization process.
WARNING:Xst:1896 - Due to other FF/Latch trimming, FF/Latch <ps2kb_m/div/count_10> has a constant value of 0 in block <PS2KB_to_VGA>. This FF/Latch will be trimmed during the optimization process.
WARNING:Xst:1896 - Due to other FF/Latch trimming, FF/Latch <ps2kb_m/div/count_11> has a constant value of 0 in block <PS2KB_to_VGA>. This FF/Latch will be trimmed during the optimization process.
WARNING:Xst:1896 - Due to other FF/Latch trimming, FF/Latch <ps2kb_m/div/count_12> has a constant value of 0 in block <PS2KB_to_VGA>. This FF/Latch will be trimmed during the optimization process.
WARNING:Xst:1896 - Due to other FF/Latch trimming, FF/Latch <ps2kb_m/div/count_13> has a constant value of 0 in block <PS2KB_to_VGA>. This FF/Latch will be trimmed during the optimization process.
WARNING:Xst:1896 - Due to other FF/Latch trimming, FF/Latch <ps2kb_m/div/count_14> has a constant value of 0 in block <PS2KB_to_VGA>. This FF/Latch will be trimmed during the optimization process.
WARNING:Xst:1896 - Due to other FF/Latch trimming, FF/Latch <ps2kb_m/div/count_15> has a constant value of 0 in block <PS2KB_to_VGA>. This FF/Latch will be trimmed during the optimization process.
WARNING:Xst:1896 - Due to other FF/Latch trimming, FF/Latch <ps2kb_m/div/count_16> has a constant value of 0 in block <PS2KB_to_VGA>. This FF/Latch will be trimmed during the optimization process.
WARNING:Xst:1896 - Due to other FF/Latch trimming, FF/Latch <ps2kb_m/div/count_17> has a constant value of 0 in block <PS2KB_to_VGA>. This FF/Latch will be trimmed during the optimization process.
WARNING:Xst:1896 - Due to other FF/Latch trimming, FF/Latch <ps2kb_m/div/count_18> has a constant value of 0 in block <PS2KB_to_VGA>. This FF/Latch will be trimmed during the optimization process.
WARNING:Xst:1896 - Due to other FF/Latch trimming, FF/Latch <ps2kb_m/div/count_19> has a constant value of 0 in block <PS2KB_to_VGA>. This FF/Latch will be trimmed during the optimization process.
WARNING:Xst:1896 - Due to other FF/Latch trimming, FF/Latch <ps2kb_m/div/count_20> has a constant value of 0 in block <PS2KB_to_VGA>. This FF/Latch will be trimmed during the optimization process.
WARNING:Xst:1896 - Due to other FF/Latch trimming, FF/Latch <ps2kb_m/div/count_21> has a constant value of 0 in block <PS2KB_to_VGA>. This FF/Latch will be trimmed during the optimization process.
WARNING:Xst:1896 - Due to other FF/Latch trimming, FF/Latch <ps2kb_m/div/count_22> has a constant value of 0 in block <PS2KB_to_VGA>. This FF/Latch will be trimmed during the optimization process.
WARNING:Xst:1896 - Due to other FF/Latch trimming, FF/Latch <ps2kb_m/div/count_23> has a constant value of 0 in block <PS2KB_to_VGA>. This FF/Latch will be trimmed during the optimization process.
WARNING:Xst:1896 - Due to other FF/Latch trimming, FF/Latch <ps2kb_m/div/count_24> has a constant value of 0 in block <PS2KB_to_VGA>. This FF/Latch will be trimmed during the optimization process.
WARNING:Xst:1896 - Due to other FF/Latch trimming, FF/Latch <ps2kb_m/div/count_25> has a constant value of 0 in block <PS2KB_to_VGA>. This FF/Latch will be trimmed during the optimization process.
WARNING:Xst:1896 - Due to other FF/Latch trimming, FF/Latch <ps2kb_m/div/count_26> has a constant value of 0 in block <PS2KB_to_VGA>. This FF/Latch will be trimmed during the optimization process.
WARNING:Xst:1896 - Due to other FF/Latch trimming, FF/Latch <ps2kb_m/div/count_27> has a constant value of 0 in block <PS2KB_to_VGA>. This FF/Latch will be trimmed during the optimization process.
WARNING:Xst:1896 - Due to other FF/Latch trimming, FF/Latch <ps2kb_m/div/count_28> has a constant value of 0 in block <PS2KB_to_VGA>. This FF/Latch will be trimmed during the optimization process.
WARNING:Xst:1896 - Due to other FF/Latch trimming, FF/Latch <ps2kb_m/div/count_29> has a constant value of 0 in block <PS2KB_to_VGA>. This FF/Latch will be trimmed during the optimization process.
WARNING:Xst:1896 - Due to other FF/Latch trimming, FF/Latch <ps2kb_m/div/count_30> has a constant value of 0 in block <PS2KB_to_VGA>. This FF/Latch will be trimmed during the optimization process.
INFO:Xst:2261 - The FF/Latch <ps2kb_m/div/count_31> in Unit <PS2KB_to_VGA> is equivalent to the following FF/Latch, which will be removed : <vga_m/div/count_31> 

Mapping all equations...
Building and optimizing final netlist ...
Found area constraint ratio of 100 (+ 5) on block PS2KB_to_VGA, actual ratio is 3.
WARNING:Xst:1426 - The value init of the FF/Latch ps2kb_m/lis/pos_31_LD hinder the constant cleaning in the block PS2KB_to_VGA.
   You should achieve better results by setting this init to 0.
FlipFlop vga_m/con/line_0 has been replicated 4 time(s)
FlipFlop vga_m/con/line_1 has been replicated 4 time(s)
FlipFlop vga_m/con/line_2 has been replicated 2 time(s)
FlipFlop vga_m/con/line_3 has been replicated 1 time(s)
FlipFlop vga_m/con/line_4 has been replicated 2 time(s)

Final Macro Processing ...

=========================================================================
Final Register Report

Macro Statistics
# Registers                                            : 583
 Flip-Flops                                            : 583

=========================================================================

=========================================================================
*                           Partition Report                            *
=========================================================================

Partition Implementation Status
-------------------------------

  No Partitions were found in this design.

-------------------------------

=========================================================================
*                            Design Summary                             *
=========================================================================

Top Level Output File Name         : PS2KB_to_VGA.ngc

Primitive and Black Box Usage:
------------------------------
# BELS                             : 3012
#      GND                         : 3
#      INV                         : 25
#      LUT1                        : 200
#      LUT2                        : 69
#      LUT3                        : 258
#      LUT4                        : 160
#      LUT5                        : 439
#      LUT6                        : 1134
#      MUXCY                       : 394
#      MUXF7                       : 79
#      VCC                         : 3
#      XORCY                       : 248
# FlipFlops/Latches                : 584
#      FD                          : 12
#      FDC                         : 127
#      FDCE                        : 332
#      FDE                         : 78
#      FDP                         : 2
#      FDR                         : 32
#      LD                          : 1
# RAMS                             : 6
#      RAMB16BWER                  : 6
# Clock Buffers                    : 6
#      BUFG                        : 5
#      BUFGP                       : 1
# IO Buffers                       : 14
#      IBUF                        : 2
#      IOBUF                       : 1
#      OBUF                        : 11

Device utilization summary:
---------------------------

Selected Device : 6slx100fgg676-3 


Slice Logic Utilization: 
 Number of Slice Registers:             584  out of  126576     0%  
 Number of Slice LUTs:                 2285  out of  63288     3%  
    Number used as Logic:              2285  out of  63288     3%  

Slice Logic Distribution: 
 Number of LUT Flip Flop pairs used:   2356
   Number with an unused Flip Flop:    1772  out of   2356    75%  
   Number with an unused LUT:            71  out of   2356     3%  
   Number of fully used LUT-FF pairs:   513  out of   2356    21%  
   Number of unique control sets:       143

IO Utilization: 
 Number of IOs:                          15
 Number of bonded IOBs:                  15  out of    480     3%  

Specific Feature Utilization:
 Number of Block RAM/FIFO:                6  out of    268     2%  
    Number using Block RAM only:          6
 Number of BUFG/BUFGCTRLs:                6  out of     16    37%  

---------------------------
Partition Resource Summary:
---------------------------

  No Partitions were found in this design.

---------------------------


=========================================================================
Timing Report

NOTE: THESE TIMING NUMBERS ARE ONLY A SYNTHESIS ESTIMATE.
      FOR ACCURATE TIMING INFORMATION PLEASE REFER TO THE TRACE REPORT
      GENERATED AFTER PLACE-and-ROUTE.

Clock Information:
------------------
-----------------------------------+----------------------------------------------------------------------------------------------------------------------------------------+-------+
Clock Signal                       | Clock buffer(FF name)                                                                                                                  | Load  |
-----------------------------------+----------------------------------------------------------------------------------------------------------------------------------------+-------+
clk_50M                            | BUFGP                                                                                                                                  | 59    |
ps2kb_m/div/clk                    | BUFG                                                                                                                                   | 81    |
ps2kb_m/dec/clk_chr                | BUFG                                                                                                                                   | 380   |
vga_m/div/clk1                     | BUFG                                                                                                                                   | 35    |
vga_m/ren/hSync                    | BUFG                                                                                                                                   | 34    |
vga_m/dec/rom/N1                   | NONE(vga_m/dec/rom/U0/xst_blk_mem_generator/gnativebmg.native_blk_mem_gen/valid.cstr/ramloop[0].ram.r/s6_init.ram/SP.SIMPLE_PRIM18.ram)| 2     |
rst                                | IBUF+BUFG                                                                                                                              | 1     |
-----------------------------------+----------------------------------------------------------------------------------------------------------------------------------------+-------+
INFO:Xst:2169 - HDL ADVISOR - Some clock signals were not automatically buffered by XST with BUFG/BUFR resources. Please use the buffer_type constraint in order to insert these buffers to the clock signals to help prevent skew problems.

Asynchronous Control Signals Information:
----------------------------------------
No asynchronous control signals found in this design

Timing Summary:
---------------
Speed Grade: -3

   Minimum period: 10.016ns (Maximum Frequency: 99.840MHz)
   Minimum input arrival time before clock: 5.870ns
   Maximum output required time after clock: 18.689ns
   Maximum combinational path delay: No path found

Timing Details:
---------------
All values displayed in nanoseconds (ns)

=========================================================================
Timing constraint: Default period analysis for Clock 'clk_50M'
  Clock period: 5.551ns (frequency: 180.133MHz)
  Total number of paths / destination ports: 1677 / 109
-------------------------------------------------------------------------
Delay:               5.551ns (Levels of Logic = 4)
  Source:            ps2kb_m/dec/prev_data_3 (FF)
  Destination:       ps2kb_m/dec/clk_chr (FF)
  Source Clock:      clk_50M rising
  Destination Clock: clk_50M rising

  Data Path: ps2kb_m/dec/prev_data_3 to ps2kb_m/dec/clk_chr
                                Gate     Net
    Cell:in->out      fanout   Delay   Delay  Logical Name (Net Name)
    ----------------------------------------  ------------
     FDCE:C->Q             1   0.447   0.808  ps2kb_m/dec/prev_data_3 (ps2kb_m/dec/prev_data_3)
     LUT3:I0->O            2   0.205   0.617  ps2kb_m/dec/PWR_9_o_prev_data[7]_equal_1_o<7>_SW0 (N23)
     LUT6:I5->O            2   0.205   0.981  ps2kb_m/dec/PWR_9_o_prev_data[7]_equal_1_o<7> (ps2kb_m/dec/PWR_9_o_prev_data[7]_equal_1_o)
     LUT6:I0->O            2   0.203   0.981  ps2kb_m/dec/_n0516_inv23 (ps2kb_m/dec/_n0516_inv2)
     LUT6:I0->O            1   0.203   0.579  ps2kb_m/dec/_n0516_inv1 (ps2kb_m/dec/_n0516_inv)
     FDCE:CE                   0.322          ps2kb_m/dec/clk_chr
    ----------------------------------------
    Total                      5.551ns (1.585ns logic, 3.966ns route)
                                       (28.6% logic, 71.4% route)

=========================================================================
Timing constraint: Default period analysis for Clock 'ps2kb_m/div/clk'
  Clock period: 6.080ns (frequency: 164.485MHz)
  Total number of paths / destination ports: 5097 / 156
-------------------------------------------------------------------------
Delay:               6.080ns (Levels of Logic = 4)
  Source:            ps2kb_m/lis/pos_31_C_31 (FF)
  Destination:       ps2kb_m/lis/pos_30 (FF)
  Source Clock:      ps2kb_m/div/clk rising
  Destination Clock: ps2kb_m/div/clk rising

  Data Path: ps2kb_m/lis/pos_31_C_31 to ps2kb_m/lis/pos_30
                                Gate     Net
    Cell:in->out      fanout   Delay   Delay  Logical Name (Net Name)
    ----------------------------------------  ------------
     FDCE:C->Q             1   0.447   0.684  ps2kb_m/lis/pos_31_C_31 (ps2kb_m/lis/pos_31_C_31)
     LUT3:I1->O            2   0.203   0.721  ps2kb_m/lis/pos_311 (ps2kb_m/lis/pos_31)
     LUT6:I4->O            1   0.203   0.924  ps2kb_m/lis/GND_6_o_pos[31]_equal_4_o<31>2 (ps2kb_m/lis/GND_6_o_pos[31]_equal_4_o<31>1)
     LUT6:I1->O            2   0.203   0.864  ps2kb_m/lis/GND_6_o_pos[31]_equal_4_o<31>7 (ps2kb_m/lis/GND_6_o_pos[31]_equal_4_o)
     LUT6:I2->O           33   0.203   1.305  ps2kb_m/lis/_n0143_inv (ps2kb_m/lis/_n0143_inv)
     FDCE:CE                   0.322          ps2kb_m/lis/pos_0
    ----------------------------------------
    Total                      6.080ns (1.581ns logic, 4.499ns route)
                                       (26.0% logic, 74.0% route)

=========================================================================
Timing constraint: Default period analysis for Clock 'ps2kb_m/dec/clk_chr'
  Clock period: 10.016ns (frequency: 99.840MHz)
  Total number of paths / destination ports: 1114166 / 673
-------------------------------------------------------------------------
Delay:               10.016ns (Levels of Logic = 9)
  Source:            vga_m/con/line_0_1 (FF)
  Destination:       vga_m/con/eol_0_5 (FF)
  Source Clock:      ps2kb_m/dec/clk_chr rising
  Destination Clock: ps2kb_m/dec/clk_chr rising

  Data Path: vga_m/con/line_0_1 to vga_m/con/eol_0_5
                                Gate     Net
    Cell:in->out      fanout   Delay   Delay  Logical Name (Net Name)
    ----------------------------------------  ------------
     FDCE:C->Q            18   0.447   1.050  vga_m/con/line_0_1 (vga_m/con/line_0_1)
     LUT1:I0->O            1   0.205   0.000  vga_m/con/Msub_line[31]_GND_15_o_sub_8_OUT<31:0>_cy<0>_rt (vga_m/con/Msub_line[31]_GND_15_o_sub_8_OUT<31:0>_cy<0>_rt)
     XORCY:LI->O          83   0.136   1.870  vga_m/con/Msub_line[31]_GND_15_o_sub_8_OUT<31:0>_xor<0> (vga_m/con/line[31]_GND_15_o_sub_8_OUT<0>)
     LUT6:I4->O            1   0.203   0.827  vga_m/con/Mmux_prev_line[4]_X_14_o_wide_mux_55_OUT_7_SW0 (N404)
     LUT6:I2->O            1   0.203   0.580  vga_m/con/Mmux_prev_line[4]_X_14_o_wide_mux_55_OUT_2_f7_F_SW2 (N1429)
     LUT4:I3->O            1   0.205   0.000  vga_m/con/Mmux_prev_line[4]_X_14_o_wide_mux_55_OUT_2_f7_F (N1205)
     MUXF7:I0->O          72   0.131   1.693  vga_m/con/Mmux_prev_line[4]_X_14_o_wide_mux_55_OUT_2_f7 (vga_m/con/Msub_GND_15_o_GND_15_o_sub_57_OUT_cy<0>)
     LUT4:I3->O            6   0.205   0.745  vga_m/con/Msub_GND_15_o_GND_15_o_sub_57_OUT_cy<3>11_1 (vga_m/con/Msub_GND_15_o_GND_15_o_sub_57_OUT_cy<3>11)
     LUT6:I5->O           16   0.205   1.005  vga_m/con/Mmux_GND_15_o_GND_15_o_mux_414_OUT<0>2621 (vga_m/con/Mmux_GND_15_o_GND_15_o_mux_414_OUT<0>262)
     LUT3:I2->O            2   0.205   0.000  vga_m/con/Mmux_GND_15_o_GND_15_o_mux_443_OUT<0>263 (vga_m/con/GND_15_o_GND_15_o_mux_443_OUT<6>)
     FDCE:D                    0.102          vga_m/con/eol_0_6_C_6
    ----------------------------------------
    Total                     10.016ns (2.247ns logic, 7.769ns route)
                                       (22.4% logic, 77.6% route)

=========================================================================
Timing constraint: Default period analysis for Clock 'vga_m/div/clk1'
  Clock period: 5.072ns (frequency: 197.147MHz)
  Total number of paths / destination ports: 2618 / 35
-------------------------------------------------------------------------
Delay:               5.072ns (Levels of Logic = 3)
  Source:            vga_m/ren/hCounter_31_C_31 (FF)
  Destination:       vga_m/ren/enable (FF)
  Source Clock:      vga_m/div/clk1 rising
  Destination Clock: vga_m/div/clk1 rising

  Data Path: vga_m/ren/hCounter_31_C_31 to vga_m/ren/enable
                                Gate     Net
    Cell:in->out      fanout   Delay   Delay  Logical Name (Net Name)
    ----------------------------------------  ------------
     FDC:C->Q             33   0.447   1.410  vga_m/ren/hCounter_31_C_31 (vga_m/ren/hCounter_31_C_31)
     LUT3:I1->O            3   0.203   1.015  vga_m/ren/hCounter_311 (vga_m/ren/hCounter_31)
     LUT6:I0->O            1   0.203   0.580  vga_m/ren/Mcompar_hCounter[31]_GND_71_o_LessThan_13_o_cy<4> (vga_m/ren/hCounter[31]_GND_71_o_LessThan_13_o)
     LUT6:I5->O            1   0.205   0.579  vga_m/ren/hCounter[31]_vCounter[31]_OR_81_o1 (vga_m/ren/hCounter[31]_vCounter[31]_OR_81_o)
     FDR:R                     0.430          vga_m/ren/enable
    ----------------------------------------
    Total                      5.072ns (1.488ns logic, 3.584ns route)
                                       (29.3% logic, 70.7% route)

=========================================================================
Timing constraint: Default period analysis for Clock 'vga_m/ren/hSync'
  Clock period: 4.725ns (frequency: 211.659MHz)
  Total number of paths / destination ports: 2454 / 34
-------------------------------------------------------------------------
Delay:               4.725ns (Levels of Logic = 8)
  Source:            vga_m/ren/vCounter_4 (FF)
  Destination:       vga_m/ren/vCounter_30 (FF)
  Source Clock:      vga_m/ren/hSync rising
  Destination Clock: vga_m/ren/hSync rising

  Data Path: vga_m/ren/vCounter_4 to vga_m/ren/vCounter_30
                                Gate     Net
    Cell:in->out      fanout   Delay   Delay  Logical Name (Net Name)
    ----------------------------------------  ------------
     FDC:C->Q              8   0.447   1.147  vga_m/ren/vCounter_4 (vga_m/ren/vCounter_4)
     LUT5:I0->O            1   0.203   0.000  vga_m/ren/Mcompar_GND_71_o_vCounter[31]_LessThan_7_o_lut<0> (vga_m/ren/Mcompar_GND_71_o_vCounter[31]_LessThan_7_o_lut<0>)
     MUXCY:S->O            1   0.172   0.000  vga_m/ren/Mcompar_GND_71_o_vCounter[31]_LessThan_7_o_cy<0> (vga_m/ren/Mcompar_GND_71_o_vCounter[31]_LessThan_7_o_cy<0>)
     MUXCY:CI->O           1   0.019   0.000  vga_m/ren/Mcompar_GND_71_o_vCounter[31]_LessThan_7_o_cy<1> (vga_m/ren/Mcompar_GND_71_o_vCounter[31]_LessThan_7_o_cy<1>)
     MUXCY:CI->O           1   0.019   0.000  vga_m/ren/Mcompar_GND_71_o_vCounter[31]_LessThan_7_o_cy<2> (vga_m/ren/Mcompar_GND_71_o_vCounter[31]_LessThan_7_o_cy<2>)
     MUXCY:CI->O           1   0.019   0.000  vga_m/ren/Mcompar_GND_71_o_vCounter[31]_LessThan_7_o_cy<3> (vga_m/ren/Mcompar_GND_71_o_vCounter[31]_LessThan_7_o_cy<3>)
     MUXCY:CI->O           1   0.213   0.580  vga_m/ren/Mcompar_GND_71_o_vCounter[31]_LessThan_7_o_cy<4> (vga_m/ren/Mcompar_GND_71_o_vCounter[31]_LessThan_7_o_cy<4>)
     LUT6:I5->O           32   0.205   1.396  vga_m/ren/Mcompar_GND_71_o_vCounter[31]_LessThan_7_o_cy<5> (vga_m/ren/Mcompar_GND_71_o_vCounter[31]_LessThan_7_o_cy<5>)
     LUT2:I0->O            1   0.203   0.000  vga_m/ren/Mmux_GND_71_o_vCounter[31]_mux_8_OUT110 (vga_m/ren/GND_71_o_vCounter[31]_mux_8_OUT<0>)
     FDC:D                     0.102          vga_m/ren/vCounter_0
    ----------------------------------------
    Total                      4.725ns (1.602ns logic, 3.123ns route)
                                       (33.9% logic, 66.1% route)

=========================================================================
Timing constraint: Default OFFSET IN BEFORE for Clock 'ps2kb_m/div/clk'
  Total number of paths / destination ports: 246 / 201
-------------------------------------------------------------------------
Offset:              5.870ns (Levels of Logic = 6)
  Source:            data_kb (PAD)
  Destination:       ps2kb_m/lis/clk_kb (FF)
  Destination Clock: ps2kb_m/div/clk rising

  Data Path: data_kb to ps2kb_m/lis/clk_kb
                                Gate     Net
    Cell:in->out      fanout   Delay   Delay  Logical Name (Net Name)
    ----------------------------------------  ------------
     IBUF:I->O            14   1.222   0.958  data_kb_IBUF (data_kb_IBUF)
     LUT4:I3->O            1   0.205   0.580  ps2kb_m/lis/Mxor_data[0]_data_kb_XOR_74_o_xo<0>_SW0 (N3)
     LUT6:I5->O            4   0.205   0.684  ps2kb_m/lis/Mxor_data[0]_data_kb_XOR_74_o_xo<0> (ps2kb_m/lis/data[0]_data_kb_XOR_74_o)
     LUT5:I4->O            1   0.205   0.580  ps2kb_m/lis/clk_GND_6_o_AND_22_o1 (ps2kb_m/lis/clk_GND_6_o_AND_22_o1)
     LUT6:I5->O            2   0.205   0.721  ps2kb_m/lis/clk_GND_6_o_AND_22_o2 (ps2kb_m/lis/clk_GND_6_o_AND_22_o)
     LUT2:I0->O            1   0.203   0.000  ps2kb_m/lis/Mmux_clk_kb_GND_6_o_MUX_116_o11 (ps2kb_m/lis/clk_kb_GND_6_o_MUX_116_o)
     FDC:D                     0.102          ps2kb_m/lis/clk_kb
    ----------------------------------------
    Total                      5.870ns (2.347ns logic, 3.523ns route)
                                       (40.0% logic, 60.0% route)

=========================================================================
Timing constraint: Default OFFSET IN BEFORE for Clock 'clk_50M'
  Total number of paths / destination ports: 19 / 19
-------------------------------------------------------------------------
Offset:              4.559ns (Levels of Logic = 2)
  Source:            rst (PAD)
  Destination:       ps2kb_m/dec/char_6 (FF)
  Destination Clock: clk_50M rising

  Data Path: rst to ps2kb_m/dec/char_6
                                Gate     Net
    Cell:in->out      fanout   Delay   Delay  Logical Name (Net Name)
    ----------------------------------------  ------------
     IBUF:I->O             2   1.222   0.616  rst_IBUF (rst_IBUF)
     INV:I->O            461   0.206   2.085  rst_IBUF_BUFG_LUT1_INV_0 (rst_IBUF_BUFG_LUT1)
     FDCE:CLR                  0.430          ps2kb_m/dec/prev_data_0
    ----------------------------------------
    Total                      4.559ns (1.858ns logic, 2.701ns route)
                                       (40.8% logic, 59.2% route)

=========================================================================
Timing constraint: Default OFFSET IN BEFORE for Clock 'ps2kb_m/dec/clk_chr'
  Total number of paths / destination ports: 310 / 310
-------------------------------------------------------------------------
Offset:              4.559ns (Levels of Logic = 2)
  Source:            rst (PAD)
  Destination:       vga_m/con/column_30 (FF)
  Destination Clock: ps2kb_m/dec/clk_chr rising

  Data Path: rst to vga_m/con/column_30
                                Gate     Net
    Cell:in->out      fanout   Delay   Delay  Logical Name (Net Name)
    ----------------------------------------  ------------
     IBUF:I->O             2   1.222   0.616  rst_IBUF (rst_IBUF)
     INV:I->O            461   0.206   2.085  rst_IBUF_BUFG_LUT1_INV_0 (rst_IBUF_BUFG_LUT1)
     FDCE:CLR                  0.430          vga_m/con/wea
    ----------------------------------------
    Total                      4.559ns (1.858ns logic, 2.701ns route)
                                       (40.8% logic, 59.2% route)

=========================================================================
Timing constraint: Default OFFSET IN BEFORE for Clock 'vga_m/div/clk1'
  Total number of paths / destination ports: 33 / 33
-------------------------------------------------------------------------
Offset:              4.559ns (Levels of Logic = 2)
  Source:            rst (PAD)
  Destination:       vga_m/ren/hCounter_30 (FF)
  Destination Clock: vga_m/div/clk1 rising

  Data Path: rst to vga_m/ren/hCounter_30
                                Gate     Net
    Cell:in->out      fanout   Delay   Delay  Logical Name (Net Name)
    ----------------------------------------  ------------
     IBUF:I->O             2   1.222   0.616  rst_IBUF (rst_IBUF)
     INV:I->O            461   0.206   2.085  rst_IBUF_BUFG_LUT1_INV_0 (rst_IBUF_BUFG_LUT1)
     FDP:PRE                   0.430          vga_m/ren/hSync
    ----------------------------------------
    Total                      4.559ns (1.858ns logic, 2.701ns route)
                                       (40.8% logic, 59.2% route)

=========================================================================
Timing constraint: Default OFFSET IN BEFORE for Clock 'vga_m/ren/hSync'
  Total number of paths / destination ports: 33 / 33
-------------------------------------------------------------------------
Offset:              4.559ns (Levels of Logic = 2)
  Source:            rst (PAD)
  Destination:       vga_m/ren/vCounter_30 (FF)
  Destination Clock: vga_m/ren/hSync rising

  Data Path: rst to vga_m/ren/vCounter_30
                                Gate     Net
    Cell:in->out      fanout   Delay   Delay  Logical Name (Net Name)
    ----------------------------------------  ------------
     IBUF:I->O             2   1.222   0.616  rst_IBUF (rst_IBUF)
     INV:I->O            461   0.206   2.085  rst_IBUF_BUFG_LUT1_INV_0 (rst_IBUF_BUFG_LUT1)
     FDC:CLR                   0.430          vga_m/ren/vCounter_0
    ----------------------------------------
    Total                      4.559ns (1.858ns logic, 2.701ns route)
                                       (40.8% logic, 59.2% route)

=========================================================================
Timing constraint: Default OFFSET OUT AFTER for Clock 'vga_m/ren/hSync'
  Total number of paths / destination ports: 94249 / 10
-------------------------------------------------------------------------
Offset:              16.959ns (Levels of Logic = 22)
  Source:            vga_m/ren/vCounter_4 (FF)
  Destination:       video<8> (PAD)
  Source Clock:      vga_m/ren/hSync rising

  Data Path: vga_m/ren/vCounter_4 to video<8>
                                Gate     Net
    Cell:in->out      fanout   Delay   Delay  Logical Name (Net Name)
    ----------------------------------------  ------------
     FDC:C->Q              8   0.447   0.907  vga_m/ren/vCounter_4 (vga_m/ren/vCounter_4)
     LUT2:I0->O            1   0.203   0.000  vga_m/con/Madd_virt_line[31]_start[31]_add_498_OUT_lut<0> (vga_m/con/Madd_virt_line[31]_start[31]_add_498_OUT_lut<0>)
     MUXCY:S->O            1   0.172   0.000  vga_m/con/Madd_virt_line[31]_start[31]_add_498_OUT_cy<0> (vga_m/con/Madd_virt_line[31]_start[31]_add_498_OUT_cy<0>)
     XORCY:CI->O           3   0.180   0.995  vga_m/con/Madd_virt_line[31]_start[31]_add_498_OUT_xor<1> (vga_m/con/virt_line[31]_start[31]_add_498_OUT<1>)
     LUT5:I0->O            1   0.203   0.000  vga_m/con/Mcompar_GND_15_o_virt_line[31]_LessThan_498_o_lut<0> (vga_m/con/Mcompar_GND_15_o_virt_line[31]_LessThan_498_o_lut<0>)
     MUXCY:S->O            1   0.172   0.000  vga_m/con/Mcompar_GND_15_o_virt_line[31]_LessThan_498_o_cy<0> (vga_m/con/Mcompar_GND_15_o_virt_line[31]_LessThan_498_o_cy<0>)
     MUXCY:CI->O           1   0.019   0.000  vga_m/con/Mcompar_GND_15_o_virt_line[31]_LessThan_498_o_cy<1> (vga_m/con/Mcompar_GND_15_o_virt_line[31]_LessThan_498_o_cy<1>)
     MUXCY:CI->O           1   0.019   0.000  vga_m/con/Mcompar_GND_15_o_virt_line[31]_LessThan_498_o_cy<2> (vga_m/con/Mcompar_GND_15_o_virt_line[31]_LessThan_498_o_cy<2>)
     MUXCY:CI->O           1   0.019   0.000  vga_m/con/Mcompar_GND_15_o_virt_line[31]_LessThan_498_o_cy<3> (vga_m/con/Mcompar_GND_15_o_virt_line[31]_LessThan_498_o_cy<3>)
     MUXCY:CI->O           1   0.019   0.000  vga_m/con/Mcompar_GND_15_o_virt_line[31]_LessThan_498_o_cy<4> (vga_m/con/Mcompar_GND_15_o_virt_line[31]_LessThan_498_o_cy<4>)
     MUXCY:CI->O           1   0.019   0.000  vga_m/con/Mcompar_GND_15_o_virt_line[31]_LessThan_498_o_cy<5> (vga_m/con/Mcompar_GND_15_o_virt_line[31]_LessThan_498_o_cy<5>)
     MUXCY:CI->O          14   0.213   1.186  vga_m/con/Mcompar_GND_15_o_virt_line[31]_LessThan_498_o_cy<6> (vga_m/con/Mcompar_GND_15_o_virt_line[31]_LessThan_498_o_cy<6>)
     LUT3:I0->O           54   0.205   1.938  vga_m/con/Mmux_phys_line121 (vga_m/con/phys_line<1>)
     LUT6:I0->O            1   0.203   0.827  vga_m/con/Mmux_phys_line[4]_X_14_o_wide_mux_506_OUT_87 (vga_m/con/Mmux_phys_line[4]_X_14_o_wide_mux_506_OUT_87)
     LUT6:I2->O            1   0.203   0.000  vga_m/con/Mmux_phys_line[4]_X_14_o_wide_mux_506_OUT_32 (vga_m/con/Mmux_phys_line[4]_X_14_o_wide_mux_506_OUT_32)
     MUXF7:I1->O           1   0.140   0.924  vga_m/con/Mmux_phys_line[4]_X_14_o_wide_mux_506_OUT_2_f7_1 (vga_m/con/phys_line[4]_X_14_o_wide_mux_506_OUT<2>)
     LUT6:I1->O            2   0.203   0.961  vga_m/con/GND_15_o_phys_column[31]_LessThan_508_o3 (vga_m/con/GND_15_o_phys_column[31]_LessThan_508_o1)
     LUT6:I1->O            1   0.203   0.000  vga_m/con/GND_15_o_phys_column[31]_LessThan_508_o1_G (N1818)
     MUXF7:I1->O           9   0.140   0.830  vga_m/con/GND_15_o_phys_column[31]_LessThan_508_o1 (vga_m/con/GND_15_o_phys_column[31]_LessThan_508_o2)
     LUT3:I2->O            3   0.205   0.995  vga_m/con/GND_15_o_phys_column[31]_LessThan_508_o21 (vga_m/con/GND_15_o_phys_column[31]_LessThan_508_o)
     LUT6:I1->O            1   0.203   0.580  vga_m/dec/color<1> (vga_m/color<0>)
     LUT2:I1->O            3   0.205   0.650  vga_m/ren/Mmux_video<8:0>11 (video_0_OBUF)
     OBUF:I->O                 2.571          video_0_OBUF (video<0>)
    ----------------------------------------
    Total                     16.959ns (6.166ns logic, 10.793ns route)
                                       (36.4% logic, 63.6% route)

=========================================================================
Timing constraint: Default OFFSET OUT AFTER for Clock 'vga_m/div/clk1'
  Total number of paths / destination ports: 271 / 10
-------------------------------------------------------------------------
Offset:              9.466ns (Levels of Logic = 7)
  Source:            vga_m/ren/hCounter_5 (FF)
  Destination:       video<8> (PAD)
  Source Clock:      vga_m/div/clk1 rising

  Data Path: vga_m/ren/hCounter_5 to video<8>
                                Gate     Net
    Cell:in->out      fanout   Delay   Delay  Logical Name (Net Name)
    ----------------------------------------  ------------
     FDC:C->Q             12   0.447   1.273  vga_m/ren/hCounter_5 (vga_m/ren/hCounter_5)
     LUT6:I0->O            2   0.203   0.961  vga_m/con/GND_15_o_phys_column[31]_LessThan_508_o3 (vga_m/con/GND_15_o_phys_column[31]_LessThan_508_o1)
     LUT6:I1->O            1   0.203   0.000  vga_m/con/GND_15_o_phys_column[31]_LessThan_508_o1_G (N1818)
     MUXF7:I1->O           9   0.140   0.830  vga_m/con/GND_15_o_phys_column[31]_LessThan_508_o1 (vga_m/con/GND_15_o_phys_column[31]_LessThan_508_o2)
     LUT3:I2->O            3   0.205   0.995  vga_m/con/GND_15_o_phys_column[31]_LessThan_508_o21 (vga_m/con/GND_15_o_phys_column[31]_LessThan_508_o)
     LUT6:I1->O            1   0.203   0.580  vga_m/dec/color<1> (vga_m/color<0>)
     LUT2:I1->O            3   0.205   0.650  vga_m/ren/Mmux_video<8:0>11 (video_0_OBUF)
     OBUF:I->O                 2.571          video_0_OBUF (video<0>)
    ----------------------------------------
    Total                      9.466ns (4.177ns logic, 5.289ns route)
                                       (44.1% logic, 55.9% route)

=========================================================================
Timing constraint: Default OFFSET OUT AFTER for Clock 'ps2kb_m/dec/clk_chr'
  Total number of paths / destination ports: 60912 / 9
-------------------------------------------------------------------------
Offset:              17.176ns (Levels of Logic = 16)
  Source:            vga_m/con/start_31_C_31 (FF)
  Destination:       video<8> (PAD)
  Source Clock:      ps2kb_m/dec/clk_chr rising

  Data Path: vga_m/con/start_31_C_31 to video<8>
                                Gate     Net
    Cell:in->out      fanout   Delay   Delay  Logical Name (Net Name)
    ----------------------------------------  ------------
     FDC:C->Q              4   0.447   0.788  vga_m/con/start_31_C_31 (vga_m/con/start_31_C_31)
     LUT3:I1->O            8   0.203   0.803  vga_m/con/start_311 (vga_m/con/start_31)
     LUT1:I0->O            0   0.205   0.000  vga_m/con/Madd_virt_line[31]_start[31]_add_498_OUT_xor<31>_rt (vga_m/con/Madd_virt_line[31]_start[31]_add_498_OUT_xor<31>_rt)
     XORCY:LI->O           3   0.136   0.650  vga_m/con/Madd_virt_line[31]_start[31]_add_498_OUT_xor<31> (vga_m/con/virt_line[31]_start[31]_add_498_OUT<31>)
     INV:I->O              1   0.206   0.000  vga_m/con/Mcompar_GND_15_o_virt_line[31]_LessThan_498_o_lut<6>_INV_0 (vga_m/con/Mcompar_GND_15_o_virt_line[31]_LessThan_498_o_lut<6>)
     MUXCY:S->O           14   0.366   1.186  vga_m/con/Mcompar_GND_15_o_virt_line[31]_LessThan_498_o_cy<6> (vga_m/con/Mcompar_GND_15_o_virt_line[31]_LessThan_498_o_cy<6>)
     LUT3:I0->O           54   0.205   1.938  vga_m/con/Mmux_phys_line121 (vga_m/con/phys_line<1>)
     LUT6:I0->O            1   0.203   0.827  vga_m/con/Mmux_phys_line[4]_X_14_o_wide_mux_506_OUT_87 (vga_m/con/Mmux_phys_line[4]_X_14_o_wide_mux_506_OUT_87)
     LUT6:I2->O            1   0.203   0.000  vga_m/con/Mmux_phys_line[4]_X_14_o_wide_mux_506_OUT_32 (vga_m/con/Mmux_phys_line[4]_X_14_o_wide_mux_506_OUT_32)
     MUXF7:I1->O           1   0.140   0.924  vga_m/con/Mmux_phys_line[4]_X_14_o_wide_mux_506_OUT_2_f7_1 (vga_m/con/phys_line[4]_X_14_o_wide_mux_506_OUT<2>)
     LUT6:I1->O            2   0.203   0.961  vga_m/con/GND_15_o_phys_column[31]_LessThan_508_o3 (vga_m/con/GND_15_o_phys_column[31]_LessThan_508_o1)
     LUT6:I1->O            1   0.203   0.000  vga_m/con/GND_15_o_phys_column[31]_LessThan_508_o1_G (N1818)
     MUXF7:I1->O           9   0.140   0.830  vga_m/con/GND_15_o_phys_column[31]_LessThan_508_o1 (vga_m/con/GND_15_o_phys_column[31]_LessThan_508_o2)
     LUT3:I2->O            3   0.205   0.995  vga_m/con/GND_15_o_phys_column[31]_LessThan_508_o21 (vga_m/con/GND_15_o_phys_column[31]_LessThan_508_o)
     LUT6:I1->O            1   0.203   0.580  vga_m/dec/color<1> (vga_m/color<0>)
     LUT2:I1->O            3   0.205   0.650  vga_m/ren/Mmux_video<8:0>11 (video_0_OBUF)
     OBUF:I->O                 2.571          video_0_OBUF (video<0>)
    ----------------------------------------
    Total                     17.176ns (6.044ns logic, 11.132ns route)
                                       (35.2% logic, 64.8% route)

=========================================================================
Timing constraint: Default OFFSET OUT AFTER for Clock 'rst'
  Total number of paths / destination ports: 2376 / 9
-------------------------------------------------------------------------
Offset:              18.689ns (Levels of Logic = 16)
  Source:            ps2kb_m/lis/pos_31_LD (LATCH)
  Destination:       video<8> (PAD)
  Source Clock:      rst rising

  Data Path: ps2kb_m/lis/pos_31_LD to video<8>
                                Gate     Net
    Cell:in->out      fanout   Delay   Delay  Logical Name (Net Name)
    ----------------------------------------  ------------
     LD:G->Q             162   0.498   2.248  ps2kb_m/lis/pos_31_LD (ps2kb_m/lis/pos_31_LD)
     LUT3:I0->O            8   0.205   0.803  vga_m/con/start_311 (vga_m/con/start_31)
     LUT1:I0->O            0   0.205   0.000  vga_m/con/Madd_virt_line[31]_start[31]_add_498_OUT_xor<31>_rt (vga_m/con/Madd_virt_line[31]_start[31]_add_498_OUT_xor<31>_rt)
     XORCY:LI->O           3   0.136   0.650  vga_m/con/Madd_virt_line[31]_start[31]_add_498_OUT_xor<31> (vga_m/con/virt_line[31]_start[31]_add_498_OUT<31>)
     INV:I->O              1   0.206   0.000  vga_m/con/Mcompar_GND_15_o_virt_line[31]_LessThan_498_o_lut<6>_INV_0 (vga_m/con/Mcompar_GND_15_o_virt_line[31]_LessThan_498_o_lut<6>)
     MUXCY:S->O           14   0.366   1.186  vga_m/con/Mcompar_GND_15_o_virt_line[31]_LessThan_498_o_cy<6> (vga_m/con/Mcompar_GND_15_o_virt_line[31]_LessThan_498_o_cy<6>)
     LUT3:I0->O           54   0.205   1.938  vga_m/con/Mmux_phys_line121 (vga_m/con/phys_line<1>)
     LUT6:I0->O            1   0.203   0.827  vga_m/con/Mmux_phys_line[4]_X_14_o_wide_mux_506_OUT_87 (vga_m/con/Mmux_phys_line[4]_X_14_o_wide_mux_506_OUT_87)
     LUT6:I2->O            1   0.203   0.000  vga_m/con/Mmux_phys_line[4]_X_14_o_wide_mux_506_OUT_32 (vga_m/con/Mmux_phys_line[4]_X_14_o_wide_mux_506_OUT_32)
     MUXF7:I1->O           1   0.140   0.924  vga_m/con/Mmux_phys_line[4]_X_14_o_wide_mux_506_OUT_2_f7_1 (vga_m/con/phys_line[4]_X_14_o_wide_mux_506_OUT<2>)
     LUT6:I1->O            2   0.203   0.961  vga_m/con/GND_15_o_phys_column[31]_LessThan_508_o3 (vga_m/con/GND_15_o_phys_column[31]_LessThan_508_o1)
     LUT6:I1->O            1   0.203   0.000  vga_m/con/GND_15_o_phys_column[31]_LessThan_508_o1_G (N1818)
     MUXF7:I1->O           9   0.140   0.830  vga_m/con/GND_15_o_phys_column[31]_LessThan_508_o1 (vga_m/con/GND_15_o_phys_column[31]_LessThan_508_o2)
     LUT3:I2->O            3   0.205   0.995  vga_m/con/GND_15_o_phys_column[31]_LessThan_508_o21 (vga_m/con/GND_15_o_phys_column[31]_LessThan_508_o)
     LUT6:I1->O            1   0.203   0.580  vga_m/dec/color<1> (vga_m/color<0>)
     LUT2:I1->O            3   0.205   0.650  vga_m/ren/Mmux_video<8:0>11 (video_0_OBUF)
     OBUF:I->O                 2.571          video_0_OBUF (video<0>)
    ----------------------------------------
    Total                     18.689ns (6.097ns logic, 12.592ns route)
                                       (32.6% logic, 67.4% route)

=========================================================================
Timing constraint: Default OFFSET OUT AFTER for Clock 'clk_50M'
  Total number of paths / destination ports: 180 / 9
-------------------------------------------------------------------------
Offset:              9.234ns (Levels of Logic = 7)
  Source:            vga_m/dec/rom/U0/xst_blk_mem_generator/gnativebmg.native_blk_mem_gen/valid.cstr/ramloop[0].ram.r/s6_init.ram/SP.SIMPLE_PRIM18.ram (RAM)
  Destination:       video<8> (PAD)
  Source Clock:      clk_50M rising

  Data Path: vga_m/dec/rom/U0/xst_blk_mem_generator/gnativebmg.native_blk_mem_gen/valid.cstr/ramloop[0].ram.r/s6_init.ram/SP.SIMPLE_PRIM18.ram to video<8>
                                Gate     Net
    Cell:in->out      fanout   Delay   Delay  Logical Name (Net Name)
    ----------------------------------------  ------------
     RAMB16BWER:CLKA->DOA1    1   1.850   0.827  U0/xst_blk_mem_generator/gnativebmg.native_blk_mem_gen/valid.cstr/ramloop[0].ram.r/s6_init.ram/SP.SIMPLE_PRIM18.ram (douta<1>)
     end scope: 'vga_m/dec/rom:douta<1>'
     LUT6:I2->O            1   0.203   0.000  vga_m/dec/Mmux_fg_3 (vga_m/dec/Mmux_fg_3)
     MUXF7:I1->O           6   0.140   0.973  vga_m/dec/Mmux_fg_2_f7 (vga_m/dec/fg)
     LUT3:I0->O            1   0.205   0.827  vga_m/dec/color<1>_SW0 (N46)
     LUT6:I2->O            1   0.203   0.580  vga_m/dec/color<1> (vga_m/color<0>)
     LUT2:I1->O            3   0.205   0.650  vga_m/ren/Mmux_video<8:0>11 (video_0_OBUF)
     OBUF:I->O                 2.571          video_0_OBUF (video<0>)
    ----------------------------------------
    Total                      9.234ns (5.377ns logic, 3.857ns route)
                                       (58.2% logic, 41.8% route)

=========================================================================
Timing constraint: Default OFFSET OUT AFTER for Clock 'ps2kb_m/div/clk'
  Total number of paths / destination ports: 2 / 1
-------------------------------------------------------------------------
Offset:              4.382ns (Levels of Logic = 2)
  Source:            ps2kb_m/lis/prev_clk_kb_clk_1M_DFF_48 (FF)
  Destination:       clk_kb (PAD)
  Source Clock:      ps2kb_m/div/clk rising

  Data Path: ps2kb_m/lis/prev_clk_kb_clk_1M_DFF_48 to clk_kb
                                Gate     Net
    Cell:in->out      fanout   Delay   Delay  Logical Name (Net Name)
    ----------------------------------------  ------------
     FDCE:C->Q             1   0.447   0.579  ps2kb_m/lis/prev_clk_kb_clk_1M_DFF_48 (ps2kb_m/lis/prev_clk_kb_clk_1M_DFF_48)
     INV:I->O              1   0.206   0.579  ps2kb_m/lis/prev_clk_kb_clk_1M_DFF_48_inv1_INV_0 (ps2kb_m/lis/prev_clk_kb_clk_1M_DFF_48_inv)
     IOBUF:T->IO               2.571          clk_kb_IOBUF (clk_kb)
    ----------------------------------------
    Total                      4.382ns (3.224ns logic, 1.158ns route)
                                       (73.6% logic, 26.4% route)

=========================================================================

Cross Clock Domains Report:
--------------------------

Clock to Setup on destination clock clk_50M
-------------------+---------+---------+---------+---------+
                   | Src:Rise| Src:Fall| Src:Rise| Src:Fall|
Source Clock       |Dest:Rise|Dest:Rise|Dest:Fall|Dest:Fall|
-------------------+---------+---------+---------+---------+
clk_50M            |    5.551|         |         |         |
ps2kb_m/dec/clk_chr|   13.280|         |         |         |
ps2kb_m/div/clk    |    5.322|         |         |         |
rst                |   14.793|         |         |         |
vga_m/div/clk1     |    5.570|         |         |         |
vga_m/ren/hSync    |   13.063|         |         |         |
-------------------+---------+---------+---------+---------+

Clock to Setup on destination clock ps2kb_m/dec/clk_chr
-------------------+---------+---------+---------+---------+
                   | Src:Rise| Src:Fall| Src:Rise| Src:Fall|
Source Clock       |Dest:Rise|Dest:Rise|Dest:Fall|Dest:Fall|
-------------------+---------+---------+---------+---------+
clk_50M            |    9.588|         |         |         |
ps2kb_m/dec/clk_chr|   10.016|         |         |         |
rst                |   11.193|         |         |         |
-------------------+---------+---------+---------+---------+

Clock to Setup on destination clock ps2kb_m/div/clk
---------------+---------+---------+---------+---------+
               | Src:Rise| Src:Fall| Src:Rise| Src:Fall|
Source Clock   |Dest:Rise|Dest:Rise|Dest:Fall|Dest:Fall|
---------------+---------+---------+---------+---------+
ps2kb_m/div/clk|    6.080|         |         |         |
rst            |    7.696|         |         |         |
---------------+---------+---------+---------+---------+

Clock to Setup on destination clock vga_m/div/clk1
---------------+---------+---------+---------+---------+
               | Src:Rise| Src:Fall| Src:Rise| Src:Fall|
Source Clock   |Dest:Rise|Dest:Rise|Dest:Fall|Dest:Fall|
---------------+---------+---------+---------+---------+
rst            |    5.962|         |         |         |
vga_m/div/clk1 |    5.072|         |         |         |
vga_m/ren/hSync|    4.161|         |         |         |
---------------+---------+---------+---------+---------+

Clock to Setup on destination clock vga_m/ren/hSync
---------------+---------+---------+---------+---------+
               | Src:Rise| Src:Fall| Src:Rise| Src:Fall|
Source Clock   |Dest:Rise|Dest:Rise|Dest:Fall|Dest:Fall|
---------------+---------+---------+---------+---------+
rst            |    5.870|         |         |         |
vga_m/ren/hSync|    4.725|         |         |         |
---------------+---------+---------+---------+---------+

=========================================================================


Total REAL time to Xst completion: 32.00 secs
Total CPU time to Xst completion: 31.59 secs
 
--> 

Total memory usage is 317712 kilobytes

Number of errors   :    0 (   0 filtered)
Number of warnings :  137 (   0 filtered)
Number of infos    :    3 (   0 filtered)

