#-----------------------------------------------------------
# PlanAhead v14.4 (64-bit)
# Build 222254 by xbuild on Tue Dec 18 05:21:09 MST 2012
# Start of session at: Sun Jul 06 14:42:22 2014
# Process ID: 15884
# Log file: E:/classes/grade_3_vacation/csproject2014/computer_experiment/planAhead_run_4/planAhead.log
# Journal file: E:/classes/grade_3_vacation/csproject2014/computer_experiment/planAhead_run_4/planAhead.jou
#-----------------------------------------------------------
INFO: [Common 17-78] Attempting to get a license: PlanAhead
INFO: [Common 17-290] Got license for PlanAhead
INFO: [Device 21-36] Loading parts and site information from F:/XILINX_ISE/14.4/ISE_DS/PlanAhead/data/parts/arch.xml
Parsing RTL primitives file [F:/XILINX_ISE/14.4/ISE_DS/PlanAhead/data/parts/xilinx/rtl/prims/rtl_prims.xml]
Finished parsing RTL primitives file [F:/XILINX_ISE/14.4/ISE_DS/PlanAhead/data/parts/xilinx/rtl/prims/rtl_prims.xml]
start_gui
source E:/classes/grade_3_vacation/csproject2014/computer_experiment/pa.fromNetlist.tcl
# create_project -name computer_experiment -dir "E:/classes/grade_3_vacation/csproject2014/computer_experiment/planAhead_run_4" -part xc6slx100fgg676-3
create_project: Time (s): elapsed = 00:00:08 . Memory (MB): peak = 433.215 ; gain = 55.293
INFO: [Common 17-41] Interrupt caught. Command should exit soon.
INFO: [Common 17-344] 'current_run' was cancelled
INFO: [Common 17-344] 'source' was cancelled
exit
ERROR: [PlanAhead 12-106] *** Exception: ui.h.b: Found deleted key in HTclEventBroker. Verify if the classes listed here call cleanup()
HTclEvent: DEBUG_PORT_CONFIG_CHANGE   Classes: ui.views.aR 
HTclEvent: SIGNAL_BUS_MODIFY   Classes: ui.views.aR 
HTclEvent: DEBUG_CORE_CONFIG_CHANGE   Classes: ui.views.aR 
HTclEvent: SIGNAL_MODIFY   Classes: ui.views.aR 
 (See E:/classes/grade_3_vacation/csproject2014/computer_experiment\planAhead_pid15884.debug)
ERROR: [Common 17-39] 'stop_gui' failed due to earlier errors.
INFO: [Common 17-206] Exiting PlanAhead at Sun Jul 06 14:44:45 2014...
INFO: [Common 17-83] Releasing license: PlanAhead
